2015-08-06 02-18-16 [FINE]: Ignore Air Blocks is TRUE - removing air blocks found in the schematic from the export list.
2015-08-06 02-18-16 [INFO]: Added C:\Users\Colby\Documents\MCEdit\Schematics\mos eisley\small\left1.schematic to the list of files to convert.
2015-08-06 02-18-16 [FINE]: Ignore Air Blocks is TRUE - removing air blocks found in the schematic from the export list.
2015-08-06 02-18-16 [INFO]: Added C:\Users\Colby\Documents\MCEdit\Schematics\mos eisley\small\left2.schematic to the list of files to convert.
2015-08-06 02-18-16 [FINE]: Ignore Air Blocks is TRUE - removing air blocks found in the schematic from the export list.
2015-08-06 02-18-16 [INFO]: Added C:\Users\Colby\Documents\MCEdit\Schematics\mos eisley\small\left3.schematic to the list of files to convert.
2015-08-06 02-18-16 [FINE]: Ignore Air Blocks is TRUE - removing air blocks found in the schematic from the export list.
2015-08-06 02-18-16 [INFO]: Added C:\Users\Colby\Documents\MCEdit\Schematics\mos eisley\small\left4.schematic to the list of files to convert.
2015-08-06 02-18-16 [FINE]: Ignore Air Blocks is TRUE - removing air blocks found in the schematic from the export list.
2015-08-06 02-18-16 [INFO]: Added C:\Users\Colby\Documents\MCEdit\Schematics\mos eisley\small\left5.schematic to the list of files to convert.
2015-08-06 02-18-58 [INFO]: Beginning conversion of C:\Users\Colby\Documents\MCEdit\Schematics\mos eisley\small\left2.schematic (output class: left2)
2015-08-06 02-18-58 [FINE]: Output file did not exist:  Creating...
2015-08-06 02-18-58 [FINE]: Opening file output stream
2015-08-06 02-18-58 [INFO]: Writing file header
2015-08-06 02-18-58 [INFO]: Conditional Spawning is FALSE
2015-08-06 02-18-58 [INFO]: Writing Blocks to file
2015-08-06 02-18-58 [INFO]: Method length approaching size limit - splitting to next method.
2015-08-06 02-18-58 [INFO]: Method length approaching size limit - splitting to next method.
2015-08-06 02-18-58 [INFO]: Method length approaching size limit - splitting to next method.
2015-08-06 02-18-58 [INFO]: Method length approaching size limit - splitting to next method.
2015-08-06 02-18-58 [INFO]: Method length approaching size limit - splitting to next method.
2015-08-06 02-18-58 [INFO]: Method length approaching size limit - splitting to next method.
2015-08-06 02-18-58 [INFO]: Method length approaching size limit - splitting to next method.
2015-08-06 02-18-58 [INFO]: Method length approaching size limit - splitting to next method.
2015-08-06 02-18-58 [INFO]: Method length approaching size limit - splitting to next method.
2015-08-06 02-18-58 [INFO]: Method length approaching size limit - splitting to next method.
2015-08-06 02-18-58 [INFO]: Method length approaching size limit - splitting to next method.
2015-08-06 02-18-58 [INFO]: Method length approaching size limit - splitting to next method.
2015-08-06 02-18-58 [INFO]: Method length approaching size limit - splitting to next method.
2015-08-06 02-18-58 [INFO]: Method length approaching size limit - splitting to next method.
2015-08-06 02-18-58 [INFO]: Writing deferred blocks
2015-08-06 02-18-58 [INFO]: Method length approaching size limit - splitting to next method.
2015-08-06 02-18-58 [INFO]: Writing file footer
2015-08-06 02-18-58 [FINE]: Closing file output stream
2015-08-06 02-18-58 [INFO]: Conversion of C:\Users\Colby\Documents\MCEdit\Schematics\mos eisley\small\left2.schematic completed successfully.
2015-08-06 02-18-58 [INFO]: Beginning conversion of C:\Users\Colby\Documents\MCEdit\Schematics\mos eisley\small\left4.schematic (output class: left4)
2015-08-06 02-18-58 [FINE]: Output file did not exist:  Creating...
2015-08-06 02-18-58 [FINE]: Opening file output stream
2015-08-06 02-18-58 [INFO]: Writing file header
2015-08-06 02-18-58 [INFO]: Conditional Spawning is FALSE
2015-08-06 02-18-58 [INFO]: Writing Blocks to file
2015-08-06 02-18-58 [INFO]: Method length approaching size limit - splitting to next method.
2015-08-06 02-18-58 [INFO]: Method length approaching size limit - splitting to next method.
2015-08-06 02-18-58 [INFO]: Method length approaching size limit - splitting to next method.
2015-08-06 02-18-58 [INFO]: Method length approaching size limit - splitting to next method.
2015-08-06 02-18-58 [INFO]: Method length approaching size limit - splitting to next method.
2015-08-06 02-18-58 [INFO]: Method length approaching size limit - splitting to next method.
2015-08-06 02-18-58 [INFO]: Method length approaching size limit - splitting to next method.
2015-08-06 02-18-58 [INFO]: Method length approaching size limit - splitting to next method.
2015-08-06 02-18-58 [INFO]: Method length approaching size limit - splitting to next method.
2015-08-06 02-18-58 [INFO]: Method length approaching size limit - splitting to next method.
2015-08-06 02-18-58 [INFO]: Method length approaching size limit - splitting to next method.
2015-08-06 02-18-58 [INFO]: Method length approaching size limit - splitting to next method.
2015-08-06 02-18-58 [INFO]: Method length approaching size limit - splitting to next method.
2015-08-06 02-18-58 [INFO]: Method length approaching size limit - splitting to next method.
2015-08-06 02-18-58 [INFO]: Writing deferred blocks
2015-08-06 02-18-58 [INFO]: Method length approaching size limit - splitting to next method.
2015-08-06 02-18-58 [INFO]: Writing file footer
2015-08-06 02-18-58 [FINE]: Closing file output stream
2015-08-06 02-18-58 [INFO]: Conversion of C:\Users\Colby\Documents\MCEdit\Schematics\mos eisley\small\left4.schematic completed successfully.
2015-08-06 02-18-58 [INFO]: Beginning conversion of C:\Users\Colby\Documents\MCEdit\Schematics\mos eisley\small\left5.schematic (output class: left5)
2015-08-06 02-18-58 [FINE]: Output file did not exist:  Creating...
2015-08-06 02-18-58 [FINE]: Opening file output stream
2015-08-06 02-18-58 [INFO]: Writing file header
2015-08-06 02-18-58 [INFO]: Conditional Spawning is FALSE
2015-08-06 02-18-58 [INFO]: Writing Blocks to file
2015-08-06 02-18-58 [INFO]: Method length approaching size limit - splitting to next method.
2015-08-06 02-18-58 [INFO]: Method length approaching size limit - splitting to next method.
2015-08-06 02-18-58 [INFO]: Method length approaching size limit - splitting to next method.
2015-08-06 02-18-58 [INFO]: Method length approaching size limit - splitting to next method.
2015-08-06 02-18-58 [INFO]: Method length approaching size limit - splitting to next method.
2015-08-06 02-18-58 [INFO]: Method length approaching size limit - splitting to next method.
2015-08-06 02-18-58 [INFO]: Method length approaching size limit - splitting to next method.
2015-08-06 02-18-58 [INFO]: Method length approaching size limit - splitting to next method.
2015-08-06 02-18-58 [INFO]: Method length approaching size limit - splitting to next method.
2015-08-06 02-18-58 [INFO]: Method length approaching size limit - splitting to next method.
2015-08-06 02-18-58 [INFO]: Method length approaching size limit - splitting to next method.
2015-08-06 02-18-58 [INFO]: Method length approaching size limit - splitting to next method.
2015-08-06 02-18-58 [INFO]: Method length approaching size limit - splitting to next method.
2015-08-06 02-18-58 [INFO]: Writing deferred blocks
2015-08-06 02-18-58 [INFO]: Writing file footer
2015-08-06 02-18-58 [FINE]: Closing file output stream
2015-08-06 02-18-58 [INFO]: Conversion of C:\Users\Colby\Documents\MCEdit\Schematics\mos eisley\small\left5.schematic completed successfully.
2015-08-06 02-18-58 [INFO]: Beginning conversion of C:\Users\Colby\Documents\MCEdit\Schematics\mos eisley\small\left1.schematic (output class: left1)
2015-08-06 02-18-58 [FINE]: Output file did not exist:  Creating...
2015-08-06 02-18-59 [FINE]: Opening file output stream
2015-08-06 02-18-59 [INFO]: Writing file header
2015-08-06 02-18-59 [INFO]: Conditional Spawning is FALSE
2015-08-06 02-18-59 [INFO]: Writing Blocks to file
2015-08-06 02-18-59 [INFO]: Method length approaching size limit - splitting to next method.
2015-08-06 02-18-59 [INFO]: Method length approaching size limit - splitting to next method.
2015-08-06 02-18-59 [INFO]: Method length approaching size limit - splitting to next method.
2015-08-06 02-18-59 [INFO]: Method length approaching size limit - splitting to next method.
2015-08-06 02-18-59 [INFO]: Method length approaching size limit - splitting to next method.
2015-08-06 02-18-59 [INFO]: Method length approaching size limit - splitting to next method.
2015-08-06 02-18-59 [INFO]: Method length approaching size limit - splitting to next method.
2015-08-06 02-18-59 [INFO]: Method length approaching size limit - splitting to next method.
2015-08-06 02-18-59 [INFO]: Method length approaching size limit - splitting to next method.
2015-08-06 02-18-59 [INFO]: Method length approaching size limit - splitting to next method.
2015-08-06 02-18-59 [INFO]: Method length approaching size limit - splitting to next method.
2015-08-06 02-18-59 [INFO]: Method length approaching size limit - splitting to next method.
2015-08-06 02-18-59 [INFO]: Method length approaching size limit - splitting to next method.
2015-08-06 02-18-59 [INFO]: Method length approaching size limit - splitting to next method.
2015-08-06 02-18-59 [INFO]: Writing deferred blocks
2015-08-06 02-18-59 [INFO]: Method length approaching size limit - splitting to next method.
2015-08-06 02-18-59 [INFO]: Writing file footer
2015-08-06 02-18-59 [FINE]: Closing file output stream
2015-08-06 02-18-59 [INFO]: Conversion of C:\Users\Colby\Documents\MCEdit\Schematics\mos eisley\small\left1.schematic completed successfully.
2015-08-06 02-18-59 [INFO]: Beginning conversion of C:\Users\Colby\Documents\MCEdit\Schematics\mos eisley\small\left3.schematic (output class: left3)
2015-08-06 02-18-59 [FINE]: Output file did not exist:  Creating...
2015-08-06 02-18-59 [FINE]: Opening file output stream
2015-08-06 02-18-59 [INFO]: Writing file header
2015-08-06 02-18-59 [INFO]: Conditional Spawning is FALSE
2015-08-06 02-18-59 [INFO]: Writing Blocks to file
2015-08-06 02-18-59 [INFO]: Method length approaching size limit - splitting to next method.
2015-08-06 02-18-59 [INFO]: Method length approaching size limit - splitting to next method.
2015-08-06 02-18-59 [INFO]: Method length approaching size limit - splitting to next method.
2015-08-06 02-18-59 [INFO]: Method length approaching size limit - splitting to next method.
2015-08-06 02-18-59 [INFO]: Method length approaching size limit - splitting to next method.
2015-08-06 02-18-59 [INFO]: Method length approaching size limit - splitting to next method.
2015-08-06 02-18-59 [INFO]: Method length approaching size limit - splitting to next method.
2015-08-06 02-18-59 [INFO]: Method length approaching size limit - splitting to next method.
2015-08-06 02-18-59 [INFO]: Method length approaching size limit - splitting to next method.
2015-08-06 02-18-59 [INFO]: Method length approaching size limit - splitting to next method.
2015-08-06 02-18-59 [INFO]: Method length approaching size limit - splitting to next method.
2015-08-06 02-18-59 [INFO]: Method length approaching size limit - splitting to next method.
2015-08-06 02-18-59 [INFO]: Method length approaching size limit - splitting to next method.
2015-08-06 02-18-59 [INFO]: Method length approaching size limit - splitting to next method.
2015-08-06 02-18-59 [INFO]: Writing deferred blocks
2015-08-06 02-18-59 [INFO]: Method length approaching size limit - splitting to next method.
2015-08-06 02-18-59 [INFO]: Writing file footer
2015-08-06 02-18-59 [FINE]: Closing file output stream
2015-08-06 02-18-59 [INFO]: Conversion of C:\Users\Colby\Documents\MCEdit\Schematics\mos eisley\small\left3.schematic completed successfully.
