2015-06-27 02-13-46 [FINE]: Ignore Air Blocks is TRUE - removing air blocks found in the schematic from the export list.
2015-06-27 02-13-46 [INFO]: Added F:\Forge\Mods\StarWarsMod\schematics\tatooine_homestead.schematic to the list of files to convert.
2015-06-27 02-13-58 [INFO]: Beginning conversion of F:\Forge\Mods\StarWarsMod\schematics\tatooine_homestead.schematic (output class: tatooine_homestead)
2015-06-27 02-13-58 [FINE]: Opening file output stream
2015-06-27 02-13-58 [INFO]: Writing file header
2015-06-27 02-13-58 [INFO]: Conditional Spawning is FALSE
2015-06-27 02-13-58 [INFO]: Writing Blocks to file
2015-06-27 02-13-58 [INFO]: Method length approaching size limit - splitting to next method.
2015-06-27 02-13-58 [INFO]: Writing deferred blocks
2015-06-27 02-13-58 [INFO]: Writing file footer
2015-06-27 02-13-58 [FINE]: Closing file output stream
2015-06-27 02-13-58 [INFO]: Conversion of F:\Forge\Mods\StarWarsMod\schematics\tatooine_homestead.schematic completed successfully.
2015-06-27 02-14-23 [INFO]: Beginning conversion of F:\Forge\Mods\StarWarsMod\schematics\tatooine_homestead.schematic (output class: tatooine_homestead)
2015-06-27 02-14-23 [FINE]: Output file did not exist:  Creating...
2015-06-27 02-14-23 [FINE]: Opening file output stream
2015-06-27 02-14-23 [INFO]: Writing file header
2015-06-27 02-14-23 [INFO]: Conditional Spawning is FALSE
2015-06-27 02-14-23 [INFO]: Writing Blocks to file
2015-06-27 02-14-23 [INFO]: Method length approaching size limit - splitting to next method.
2015-06-27 02-14-23 [INFO]: Writing deferred blocks
2015-06-27 02-14-23 [INFO]: Writing file footer
2015-06-27 02-14-23 [FINE]: Closing file output stream
2015-06-27 02-14-23 [INFO]: Conversion of F:\Forge\Mods\StarWarsMod\schematics\tatooine_homestead.schematic completed successfully.
