2015-07-01 02-32-11 [FINE]: Ignore Air Blocks is TRUE - removing air blocks found in the schematic from the export list.
2015-07-01 02-32-11 [INFO]: Added F:\Forge\Mods\StarWarsMod\schematics\endor trees\1.schematic to the list of files to convert.
2015-07-01 02-32-11 [FINE]: Ignore Air Blocks is TRUE - removing air blocks found in the schematic from the export list.
2015-07-01 02-32-11 [INFO]: Added F:\Forge\Mods\StarWarsMod\schematics\endor trees\2.schematic to the list of files to convert.
2015-07-01 02-32-11 [FINE]: Ignore Air Blocks is TRUE - removing air blocks found in the schematic from the export list.
2015-07-01 02-32-11 [INFO]: Added F:\Forge\Mods\StarWarsMod\schematics\endor trees\3.schematic to the list of files to convert.
2015-07-01 02-32-11 [FINE]: Ignore Air Blocks is TRUE - removing air blocks found in the schematic from the export list.
2015-07-01 02-32-11 [INFO]: Added F:\Forge\Mods\StarWarsMod\schematics\endor trees\4.schematic to the list of files to convert.
2015-07-01 02-33-56 [INFO]: Beginning conversion of F:\Forge\Mods\StarWarsMod\schematics\endor trees\1.schematic (output class: 1)
2015-07-01 02-33-56 [FINE]: Output file did not exist:  Creating...
2015-07-01 02-33-56 [FINE]: Opening file output stream
2015-07-01 02-33-56 [INFO]: Writing file header
2015-07-01 02-33-56 [INFO]: Conditional Spawning is TRUE - writing conditional spawn code.
2015-07-01 02-33-56 [INFO]: Writing Blocks to file
2015-07-01 02-33-56 [INFO]: Writing deferred blocks
2015-07-01 02-33-56 [INFO]: Method length approaching size limit - splitting to next method.
2015-07-01 02-33-56 [INFO]: Method length approaching size limit - splitting to next method.
2015-07-01 02-33-56 [INFO]: Writing file footer
2015-07-01 02-33-56 [FINE]: Closing file output stream
2015-07-01 02-33-56 [INFO]: Conversion of F:\Forge\Mods\StarWarsMod\schematics\endor trees\1.schematic completed successfully.
2015-07-01 02-33-56 [INFO]: Beginning conversion of F:\Forge\Mods\StarWarsMod\schematics\endor trees\3.schematic (output class: 3)
2015-07-01 02-33-56 [FINE]: Output file did not exist:  Creating...
2015-07-01 02-33-56 [FINE]: Opening file output stream
2015-07-01 02-33-56 [INFO]: Writing file header
2015-07-01 02-33-56 [INFO]: Conditional Spawning is TRUE - writing conditional spawn code.
2015-07-01 02-33-56 [INFO]: Writing Blocks to file
2015-07-01 02-33-56 [INFO]: Writing deferred blocks
2015-07-01 02-33-56 [INFO]: Writing file footer
2015-07-01 02-33-56 [FINE]: Closing file output stream
2015-07-01 02-33-56 [INFO]: Conversion of F:\Forge\Mods\StarWarsMod\schematics\endor trees\3.schematic completed successfully.
2015-07-01 02-33-56 [INFO]: Beginning conversion of F:\Forge\Mods\StarWarsMod\schematics\endor trees\2.schematic (output class: 2)
2015-07-01 02-33-56 [FINE]: Output file did not exist:  Creating...
2015-07-01 02-33-56 [FINE]: Opening file output stream
2015-07-01 02-33-56 [INFO]: Writing file header
2015-07-01 02-33-56 [INFO]: Conditional Spawning is TRUE - writing conditional spawn code.
2015-07-01 02-33-56 [INFO]: Writing Blocks to file
2015-07-01 02-33-56 [INFO]: Writing deferred blocks
2015-07-01 02-33-56 [INFO]: Method length approaching size limit - splitting to next method.
2015-07-01 02-33-56 [INFO]: Method length approaching size limit - splitting to next method.
2015-07-01 02-33-56 [INFO]: Method length approaching size limit - splitting to next method.
2015-07-01 02-33-56 [INFO]: Method length approaching size limit - splitting to next method.
2015-07-01 02-33-56 [INFO]: Method length approaching size limit - splitting to next method.
2015-07-01 02-33-56 [INFO]: Method length approaching size limit - splitting to next method.
2015-07-01 02-33-56 [INFO]: Method length approaching size limit - splitting to next method.
2015-07-01 02-33-56 [INFO]: Method length approaching size limit - splitting to next method.
2015-07-01 02-33-56 [INFO]: Method length approaching size limit - splitting to next method.
2015-07-01 02-33-56 [INFO]: Writing file footer
2015-07-01 02-33-56 [FINE]: Closing file output stream
2015-07-01 02-33-56 [INFO]: Conversion of F:\Forge\Mods\StarWarsMod\schematics\endor trees\2.schematic completed successfully.
2015-07-01 02-33-56 [INFO]: Beginning conversion of F:\Forge\Mods\StarWarsMod\schematics\endor trees\4.schematic (output class: 4)
2015-07-01 02-33-56 [FINE]: Output file did not exist:  Creating...
2015-07-01 02-33-56 [FINE]: Opening file output stream
2015-07-01 02-33-56 [INFO]: Writing file header
2015-07-01 02-33-56 [INFO]: Conditional Spawning is TRUE - writing conditional spawn code.
2015-07-01 02-33-56 [INFO]: Writing Blocks to file
2015-07-01 02-33-56 [INFO]: Writing deferred blocks
2015-07-01 02-33-56 [INFO]: Method length approaching size limit - splitting to next method.
2015-07-01 02-33-56 [INFO]: Method length approaching size limit - splitting to next method.
2015-07-01 02-33-56 [INFO]: Method length approaching size limit - splitting to next method.
2015-07-01 02-33-56 [INFO]: Writing file footer
2015-07-01 02-33-56 [FINE]: Closing file output stream
2015-07-01 02-33-56 [INFO]: Conversion of F:\Forge\Mods\StarWarsMod\schematics\endor trees\4.schematic completed successfully.
