2015-07-01 10-00-11 [FINE]: Ignore Air Blocks is TRUE - removing air blocks found in the schematic from the export list.
2015-07-01 10-00-11 [INFO]: Added F:\Forge\Mods\StarWarsMod\schematics\tatooine_homestead.schematic to the list of files to convert.
2015-07-01 10-00-28 [INFO]: Beginning conversion of F:\Forge\Mods\StarWarsMod\schematics\tatooine_homestead.schematic (output class: tatooine_homestead)
2015-07-01 10-00-28 [FINE]: Opening file output stream
2015-07-01 10-00-28 [INFO]: Writing file header
2015-07-01 10-00-28 [INFO]: Conditional Spawning is TRUE - writing conditional spawn code.
2015-07-01 10-00-28 [INFO]: Writing Blocks to file
2015-07-01 10-00-28 [INFO]: Method length approaching size limit - splitting to next method.
2015-07-01 10-00-28 [INFO]: Writing deferred blocks
2015-07-01 10-00-28 [INFO]: Writing file footer
2015-07-01 10-00-28 [FINE]: Closing file output stream
2015-07-01 10-00-28 [INFO]: Conversion of F:\Forge\Mods\StarWarsMod\schematics\tatooine_homestead.schematic completed successfully.
2015-07-01 10-00-49 [INFO]: Beginning conversion of F:\Forge\Mods\StarWarsMod\schematics\tatooine_homestead.schematic (output class: tatooine_homestead)
2015-07-01 10-00-49 [FINE]: Opening file output stream
2015-07-01 10-00-49 [INFO]: Writing file header
2015-07-01 10-00-49 [INFO]: Conditional Spawning is TRUE - writing conditional spawn code.
2015-07-01 10-00-49 [INFO]: Writing Blocks to file
2015-07-01 10-00-49 [INFO]: Method length approaching size limit - splitting to next method.
2015-07-01 10-00-49 [INFO]: Method length approaching size limit - splitting to next method.
2015-07-01 10-00-49 [INFO]: Method length approaching size limit - splitting to next method.
2015-07-01 10-00-49 [INFO]: Method length approaching size limit - splitting to next method.
2015-07-01 10-00-49 [INFO]: Writing deferred blocks
2015-07-01 10-00-49 [INFO]: Writing file footer
2015-07-01 10-00-49 [FINE]: Closing file output stream
2015-07-01 10-00-49 [INFO]: Conversion of F:\Forge\Mods\StarWarsMod\schematics\tatooine_homestead.schematic completed successfully.
2015-07-01 10-33-10 [INFO]: Beginning conversion of F:\Forge\Mods\StarWarsMod\schematics\tatooine_homestead.schematic (output class: tatooine_homestead)
2015-07-01 10-33-10 [FINE]: Opening file output stream
2015-07-01 10-33-10 [INFO]: Writing file header
2015-07-01 10-33-10 [INFO]: Conditional Spawning is TRUE - writing conditional spawn code.
2015-07-01 10-33-10 [INFO]: Writing Blocks to file
2015-07-01 10-33-10 [INFO]: Method length approaching size limit - splitting to next method.
2015-07-01 10-33-10 [INFO]: Method length approaching size limit - splitting to next method.
2015-07-01 10-33-10 [INFO]: Method length approaching size limit - splitting to next method.
2015-07-01 10-33-10 [INFO]: Method length approaching size limit - splitting to next method.
2015-07-01 10-33-10 [INFO]: Writing deferred blocks
2015-07-01 10-33-10 [INFO]: Writing file footer
2015-07-01 10-33-10 [FINE]: Closing file output stream
2015-07-01 10-33-10 [INFO]: Conversion of F:\Forge\Mods\StarWarsMod\schematics\tatooine_homestead.schematic completed successfully.
2015-07-01 10-33-11 [INFO]: Beginning conversion of F:\Forge\Mods\StarWarsMod\schematics\tatooine_homestead.schematic (output class: tatooine_homestead)
2015-07-01 10-33-11 [FINE]: Opening file output stream
2015-07-01 10-33-11 [INFO]: Writing file header
2015-07-01 10-33-11 [INFO]: Conditional Spawning is TRUE - writing conditional spawn code.
2015-07-01 10-33-11 [INFO]: Writing Blocks to file
2015-07-01 10-33-11 [INFO]: Method length approaching size limit - splitting to next method.
2015-07-01 10-33-11 [INFO]: Method length approaching size limit - splitting to next method.
2015-07-01 10-33-11 [INFO]: Method length approaching size limit - splitting to next method.
2015-07-01 10-33-11 [INFO]: Method length approaching size limit - splitting to next method.
2015-07-01 10-33-11 [INFO]: Writing deferred blocks
2015-07-01 10-33-11 [INFO]: Writing file footer
2015-07-01 10-33-11 [FINE]: Closing file output stream
2015-07-01 10-33-11 [INFO]: Conversion of F:\Forge\Mods\StarWarsMod\schematics\tatooine_homestead.schematic completed successfully.
2015-07-01 10-33-11 [INFO]: Beginning conversion of F:\Forge\Mods\StarWarsMod\schematics\tatooine_homestead.schematic (output class: tatooine_homestead)
2015-07-01 10-33-11 [FINE]: Opening file output stream
2015-07-01 10-33-11 [INFO]: Writing file header
2015-07-01 10-33-11 [INFO]: Conditional Spawning is TRUE - writing conditional spawn code.
2015-07-01 10-33-11 [INFO]: Writing Blocks to file
2015-07-01 10-33-11 [INFO]: Method length approaching size limit - splitting to next method.
2015-07-01 10-33-11 [INFO]: Method length approaching size limit - splitting to next method.
2015-07-01 10-33-11 [INFO]: Method length approaching size limit - splitting to next method.
2015-07-01 10-33-11 [INFO]: Method length approaching size limit - splitting to next method.
2015-07-01 10-33-11 [INFO]: Writing deferred blocks
2015-07-01 10-33-11 [INFO]: Writing file footer
2015-07-01 10-33-11 [FINE]: Closing file output stream
2015-07-01 10-33-11 [INFO]: Conversion of F:\Forge\Mods\StarWarsMod\schematics\tatooine_homestead.schematic completed successfully.
2015-07-01 10-33-11 [INFO]: Beginning conversion of F:\Forge\Mods\StarWarsMod\schematics\tatooine_homestead.schematic (output class: tatooine_homestead)
2015-07-01 10-33-11 [FINE]: Opening file output stream
2015-07-01 10-33-11 [INFO]: Writing file header
2015-07-01 10-33-11 [INFO]: Conditional Spawning is TRUE - writing conditional spawn code.
2015-07-01 10-33-11 [INFO]: Writing Blocks to file
2015-07-01 10-33-11 [INFO]: Method length approaching size limit - splitting to next method.
2015-07-01 10-33-11 [INFO]: Method length approaching size limit - splitting to next method.
2015-07-01 10-33-11 [INFO]: Method length approaching size limit - splitting to next method.
2015-07-01 10-33-11 [INFO]: Method length approaching size limit - splitting to next method.
2015-07-01 10-33-11 [INFO]: Writing deferred blocks
2015-07-01 10-33-11 [INFO]: Writing file footer
2015-07-01 10-33-11 [FINE]: Closing file output stream
2015-07-01 10-33-11 [INFO]: Conversion of F:\Forge\Mods\StarWarsMod\schematics\tatooine_homestead.schematic completed successfully.
2015-07-01 10-33-12 [INFO]: Beginning conversion of F:\Forge\Mods\StarWarsMod\schematics\tatooine_homestead.schematic (output class: tatooine_homestead)
2015-07-01 10-33-12 [FINE]: Opening file output stream
2015-07-01 10-33-12 [INFO]: Writing file header
2015-07-01 10-33-12 [INFO]: Conditional Spawning is TRUE - writing conditional spawn code.
2015-07-01 10-33-12 [INFO]: Writing Blocks to file
2015-07-01 10-33-12 [INFO]: Method length approaching size limit - splitting to next method.
2015-07-01 10-33-12 [INFO]: Method length approaching size limit - splitting to next method.
2015-07-01 10-33-12 [INFO]: Method length approaching size limit - splitting to next method.
2015-07-01 10-33-12 [INFO]: Method length approaching size limit - splitting to next method.
2015-07-01 10-33-12 [INFO]: Writing deferred blocks
2015-07-01 10-33-12 [INFO]: Writing file footer
2015-07-01 10-33-12 [FINE]: Closing file output stream
2015-07-01 10-33-12 [INFO]: Conversion of F:\Forge\Mods\StarWarsMod\schematics\tatooine_homestead.schematic completed successfully.
2015-07-01 10-33-12 [INFO]: Beginning conversion of F:\Forge\Mods\StarWarsMod\schematics\tatooine_homestead.schematic (output class: tatooine_homestead)
2015-07-01 10-33-12 [FINE]: Opening file output stream
2015-07-01 10-33-12 [INFO]: Writing file header
2015-07-01 10-33-12 [INFO]: Conditional Spawning is TRUE - writing conditional spawn code.
2015-07-01 10-33-12 [INFO]: Writing Blocks to file
2015-07-01 10-33-12 [INFO]: Method length approaching size limit - splitting to next method.
2015-07-01 10-33-12 [INFO]: Method length approaching size limit - splitting to next method.
2015-07-01 10-33-12 [INFO]: Method length approaching size limit - splitting to next method.
2015-07-01 10-33-12 [INFO]: Method length approaching size limit - splitting to next method.
2015-07-01 10-33-12 [INFO]: Writing deferred blocks
2015-07-01 10-33-12 [INFO]: Writing file footer
2015-07-01 10-33-12 [FINE]: Closing file output stream
2015-07-01 10-33-12 [INFO]: Conversion of F:\Forge\Mods\StarWarsMod\schematics\tatooine_homestead.schematic completed successfully.
2015-07-01 10-40-17 [FINE]: Removed  F:\Forge\Mods\StarWarsMod\schematics\tatooine_homestead.schematic from the list of files to convert.
2015-07-01 10-40-19 [FINE]: Ignore Air Blocks is FALSE.
2015-07-01 10-40-19 [INFO]: Added F:\Forge\Mods\StarWarsMod\schematics\tatooine_homestead.schematic to the list of files to convert.
2015-07-01 10-40-33 [INFO]: Beginning conversion of F:\Forge\Mods\StarWarsMod\schematics\tatooine_homestead.schematic (output class: tatooine_homestead)
2015-07-01 10-40-33 [FINE]: Opening file output stream
2015-07-01 10-40-33 [INFO]: Writing file header
2015-07-01 10-40-33 [INFO]: Conditional Spawning is TRUE - writing conditional spawn code.
2015-07-01 10-40-33 [INFO]: Writing Blocks to file
2015-07-01 10-40-33 [INFO]: Method length approaching size limit - splitting to next method.
2015-07-01 10-40-33 [INFO]: Method length approaching size limit - splitting to next method.
2015-07-01 10-40-33 [INFO]: Method length approaching size limit - splitting to next method.
2015-07-01 10-40-33 [INFO]: Method length approaching size limit - splitting to next method.
2015-07-01 10-40-33 [INFO]: Method length approaching size limit - splitting to next method.
2015-07-01 10-40-33 [INFO]: Writing deferred blocks
2015-07-01 10-40-33 [INFO]: Writing file footer
2015-07-01 10-40-33 [FINE]: Closing file output stream
2015-07-01 10-40-33 [INFO]: Conversion of F:\Forge\Mods\StarWarsMod\schematics\tatooine_homestead.schematic completed successfully.
