2015-08-02 01-13-53 [FINE]: Ignore Air Blocks is TRUE - removing air blocks found in the schematic from the export list.
2015-08-02 01-13-53 [INFO]: Added C:\Users\Colby\Documents\MCEdit\Schematics\mos eisley\0-0.schematic to the list of files to convert.
2015-08-02 01-13-53 [FINE]: Ignore Air Blocks is TRUE - removing air blocks found in the schematic from the export list.
2015-08-02 01-13-53 [INFO]: Added C:\Users\Colby\Documents\MCEdit\Schematics\mos eisley\0-1.schematic to the list of files to convert.
2015-08-02 01-13-53 [FINE]: Ignore Air Blocks is TRUE - removing air blocks found in the schematic from the export list.
2015-08-02 01-13-53 [INFO]: Added C:\Users\Colby\Documents\MCEdit\Schematics\mos eisley\0-2.schematic to the list of files to convert.
2015-08-02 01-13-53 [FINE]: Ignore Air Blocks is TRUE - removing air blocks found in the schematic from the export list.
2015-08-02 01-13-53 [INFO]: Added C:\Users\Colby\Documents\MCEdit\Schematics\mos eisley\0-3.schematic to the list of files to convert.
2015-08-02 01-13-53 [FINE]: Ignore Air Blocks is TRUE - removing air blocks found in the schematic from the export list.
2015-08-02 01-13-53 [INFO]: Added C:\Users\Colby\Documents\MCEdit\Schematics\mos eisley\0-4.schematic to the list of files to convert.
2015-08-02 01-13-53 [FINE]: Ignore Air Blocks is TRUE - removing air blocks found in the schematic from the export list.
2015-08-02 01-13-53 [INFO]: Added C:\Users\Colby\Documents\MCEdit\Schematics\mos eisley\0-5.schematic to the list of files to convert.
2015-08-02 01-13-53 [FINE]: Ignore Air Blocks is TRUE - removing air blocks found in the schematic from the export list.
2015-08-02 01-13-53 [INFO]: Added C:\Users\Colby\Documents\MCEdit\Schematics\mos eisley\1-0.schematic to the list of files to convert.
2015-08-02 01-13-53 [FINE]: Ignore Air Blocks is TRUE - removing air blocks found in the schematic from the export list.
2015-08-02 01-13-53 [INFO]: Added C:\Users\Colby\Documents\MCEdit\Schematics\mos eisley\1-1.schematic to the list of files to convert.
2015-08-02 01-13-53 [FINE]: Ignore Air Blocks is TRUE - removing air blocks found in the schematic from the export list.
2015-08-02 01-13-53 [INFO]: Added C:\Users\Colby\Documents\MCEdit\Schematics\mos eisley\1-2.schematic to the list of files to convert.
2015-08-02 01-13-53 [FINE]: Ignore Air Blocks is TRUE - removing air blocks found in the schematic from the export list.
2015-08-02 01-13-53 [INFO]: Added C:\Users\Colby\Documents\MCEdit\Schematics\mos eisley\1-3.schematic to the list of files to convert.
2015-08-02 01-13-53 [FINE]: Ignore Air Blocks is TRUE - removing air blocks found in the schematic from the export list.
2015-08-02 01-13-53 [INFO]: Added C:\Users\Colby\Documents\MCEdit\Schematics\mos eisley\1-4.schematic to the list of files to convert.
2015-08-02 01-13-53 [FINE]: Ignore Air Blocks is TRUE - removing air blocks found in the schematic from the export list.
2015-08-02 01-13-53 [INFO]: Added C:\Users\Colby\Documents\MCEdit\Schematics\mos eisley\1-5.schematic to the list of files to convert.
2015-08-02 01-13-53 [FINE]: Ignore Air Blocks is TRUE - removing air blocks found in the schematic from the export list.
2015-08-02 01-13-53 [INFO]: Added C:\Users\Colby\Documents\MCEdit\Schematics\mos eisley\2-0.schematic to the list of files to convert.
2015-08-02 01-13-53 [FINE]: Ignore Air Blocks is TRUE - removing air blocks found in the schematic from the export list.
2015-08-02 01-13-53 [INFO]: Added C:\Users\Colby\Documents\MCEdit\Schematics\mos eisley\2-1.schematic to the list of files to convert.
2015-08-02 01-13-53 [FINE]: Ignore Air Blocks is TRUE - removing air blocks found in the schematic from the export list.
2015-08-02 01-13-53 [INFO]: Added C:\Users\Colby\Documents\MCEdit\Schematics\mos eisley\2-2.schematic to the list of files to convert.
2015-08-02 01-13-53 [FINE]: Ignore Air Blocks is TRUE - removing air blocks found in the schematic from the export list.
2015-08-02 01-13-53 [INFO]: Added C:\Users\Colby\Documents\MCEdit\Schematics\mos eisley\2-3.schematic to the list of files to convert.
2015-08-02 01-13-53 [FINE]: Ignore Air Blocks is TRUE - removing air blocks found in the schematic from the export list.
2015-08-02 01-13-53 [INFO]: Added C:\Users\Colby\Documents\MCEdit\Schematics\mos eisley\2-4.schematic to the list of files to convert.
2015-08-02 01-13-53 [FINE]: Ignore Air Blocks is TRUE - removing air blocks found in the schematic from the export list.
2015-08-02 01-13-53 [INFO]: Added C:\Users\Colby\Documents\MCEdit\Schematics\mos eisley\2-5.schematic to the list of files to convert.
2015-08-02 01-13-53 [FINE]: Ignore Air Blocks is TRUE - removing air blocks found in the schematic from the export list.
2015-08-02 01-13-53 [INFO]: Added C:\Users\Colby\Documents\MCEdit\Schematics\mos eisley\3-0.schematic to the list of files to convert.
2015-08-02 01-13-53 [FINE]: Ignore Air Blocks is TRUE - removing air blocks found in the schematic from the export list.
2015-08-02 01-13-53 [INFO]: Added C:\Users\Colby\Documents\MCEdit\Schematics\mos eisley\3-1.schematic to the list of files to convert.
2015-08-02 01-13-53 [FINE]: Ignore Air Blocks is TRUE - removing air blocks found in the schematic from the export list.
2015-08-02 01-13-53 [INFO]: Added C:\Users\Colby\Documents\MCEdit\Schematics\mos eisley\3-2.schematic to the list of files to convert.
2015-08-02 01-13-53 [FINE]: Ignore Air Blocks is TRUE - removing air blocks found in the schematic from the export list.
2015-08-02 01-13-53 [INFO]: Added C:\Users\Colby\Documents\MCEdit\Schematics\mos eisley\3-3.schematic to the list of files to convert.
2015-08-02 01-13-53 [FINE]: Ignore Air Blocks is TRUE - removing air blocks found in the schematic from the export list.
2015-08-02 01-13-53 [INFO]: Added C:\Users\Colby\Documents\MCEdit\Schematics\mos eisley\3-4.schematic to the list of files to convert.
2015-08-02 01-13-53 [FINE]: Ignore Air Blocks is TRUE - removing air blocks found in the schematic from the export list.
2015-08-02 01-13-53 [INFO]: Added C:\Users\Colby\Documents\MCEdit\Schematics\mos eisley\3-5.schematic to the list of files to convert.
2015-08-02 01-15-25 [INFO]: Beginning conversion of C:\Users\Colby\Documents\MCEdit\Schematics\mos eisley\3-4.schematic (output class: 34)
2015-08-02 01-15-25 [FINE]: Output file did not exist:  Creating...
2015-08-02 01-15-25 [FINE]: Opening file output stream
2015-08-02 01-15-25 [INFO]: Writing file header
2015-08-02 01-15-25 [INFO]: Conditional Spawning is FALSE
2015-08-02 01-15-25 [INFO]: Writing Blocks to file
2015-08-02 01-15-25 [INFO]: Method length approaching size limit - splitting to next method.
2015-08-02 01-15-25 [INFO]: Method length approaching size limit - splitting to next method.
2015-08-02 01-15-25 [INFO]: Method length approaching size limit - splitting to next method.
2015-08-02 01-15-25 [INFO]: Method length approaching size limit - splitting to next method.
2015-08-02 01-15-25 [INFO]: Method length approaching size limit - splitting to next method.
2015-08-02 01-15-25 [INFO]: Method length approaching size limit - splitting to next method.
2015-08-02 01-15-25 [INFO]: Method length approaching size limit - splitting to next method.
2015-08-02 01-15-25 [INFO]: Method length approaching size limit - splitting to next method.
2015-08-02 01-15-25 [INFO]: Method length approaching size limit - splitting to next method.
2015-08-02 01-15-25 [INFO]: Method length approaching size limit - splitting to next method.
2015-08-02 01-15-25 [INFO]: Method length approaching size limit - splitting to next method.
2015-08-02 01-15-25 [INFO]: Method length approaching size limit - splitting to next method.
2015-08-02 01-15-25 [INFO]: Method length approaching size limit - splitting to next method.
2015-08-02 01-15-25 [INFO]: Method length approaching size limit - splitting to next method.
2015-08-02 01-15-25 [INFO]: Method length approaching size limit - splitting to next method.
2015-08-02 01-15-25 [INFO]: Method length approaching size limit - splitting to next method.
2015-08-02 01-15-25 [INFO]: Method length approaching size limit - splitting to next method.
2015-08-02 01-15-25 [INFO]: Method length approaching size limit - splitting to next method.
2015-08-02 01-15-25 [INFO]: Method length approaching size limit - splitting to next method.
2015-08-02 01-15-25 [INFO]: Method length approaching size limit - splitting to next method.
2015-08-02 01-15-25 [INFO]: Method length approaching size limit - splitting to next method.
2015-08-02 01-15-25 [INFO]: Method length approaching size limit - splitting to next method.
2015-08-02 01-15-25 [INFO]: Method length approaching size limit - splitting to next method.
2015-08-02 01-15-25 [INFO]: Method length approaching size limit - splitting to next method.
2015-08-02 01-15-25 [INFO]: Method length approaching size limit - splitting to next method.
2015-08-02 01-15-25 [INFO]: Method length approaching size limit - splitting to next method.
2015-08-02 01-15-25 [INFO]: Method length approaching size limit - splitting to next method.
2015-08-02 01-15-25 [INFO]: Method length approaching size limit - splitting to next method.
2015-08-02 01-15-25 [INFO]: Method length approaching size limit - splitting to next method.
2015-08-02 01-15-25 [INFO]: Method length approaching size limit - splitting to next method.
2015-08-02 01-15-25 [INFO]: Method length approaching size limit - splitting to next method.
2015-08-02 01-15-25 [INFO]: Method length approaching size limit - splitting to next method.
2015-08-02 01-15-25 [INFO]: Writing deferred blocks
2015-08-02 01-15-25 [INFO]: Writing file footer
2015-08-02 01-15-25 [FINE]: Closing file output stream
2015-08-02 01-15-25 [INFO]: Conversion of C:\Users\Colby\Documents\MCEdit\Schematics\mos eisley\3-4.schematic completed successfully.
2015-08-02 01-15-25 [INFO]: Beginning conversion of C:\Users\Colby\Documents\MCEdit\Schematics\mos eisley\0-5.schematic (output class: 05)
2015-08-02 01-15-25 [FINE]: Output file did not exist:  Creating...
2015-08-02 01-15-25 [FINE]: Opening file output stream
2015-08-02 01-15-25 [INFO]: Writing file header
2015-08-02 01-15-25 [INFO]: Conditional Spawning is FALSE
2015-08-02 01-15-25 [INFO]: Writing Blocks to file
2015-08-02 01-15-25 [INFO]: Method length approaching size limit - splitting to next method.
2015-08-02 01-15-25 [INFO]: Method length approaching size limit - splitting to next method.
2015-08-02 01-15-25 [INFO]: Method length approaching size limit - splitting to next method.
2015-08-02 01-15-25 [INFO]: Method length approaching size limit - splitting to next method.
2015-08-02 01-15-26 [INFO]: Method length approaching size limit - splitting to next method.
2015-08-02 01-15-26 [INFO]: Method length approaching size limit - splitting to next method.
2015-08-02 01-15-26 [INFO]: Method length approaching size limit - splitting to next method.
2015-08-02 01-15-26 [INFO]: Method length approaching size limit - splitting to next method.
2015-08-02 01-15-26 [INFO]: Method length approaching size limit - splitting to next method.
2015-08-02 01-15-26 [INFO]: Method length approaching size limit - splitting to next method.
2015-08-02 01-15-26 [INFO]: Method length approaching size limit - splitting to next method.
2015-08-02 01-15-26 [INFO]: Method length approaching size limit - splitting to next method.
2015-08-02 01-15-26 [INFO]: Method length approaching size limit - splitting to next method.
2015-08-02 01-15-26 [INFO]: Method length approaching size limit - splitting to next method.
2015-08-02 01-15-26 [INFO]: Method length approaching size limit - splitting to next method.
2015-08-02 01-15-26 [INFO]: Method length approaching size limit - splitting to next method.
2015-08-02 01-15-26 [INFO]: Method length approaching size limit - splitting to next method.
2015-08-02 01-15-26 [INFO]: Method length approaching size limit - splitting to next method.
2015-08-02 01-15-26 [INFO]: Method length approaching size limit - splitting to next method.
2015-08-02 01-15-26 [INFO]: Method length approaching size limit - splitting to next method.
2015-08-02 01-15-26 [INFO]: Method length approaching size limit - splitting to next method.
2015-08-02 01-15-26 [INFO]: Method length approaching size limit - splitting to next method.
2015-08-02 01-15-26 [INFO]: Writing deferred blocks
2015-08-02 01-15-26 [INFO]: Writing file footer
2015-08-02 01-15-26 [FINE]: Closing file output stream
2015-08-02 01-15-26 [INFO]: Conversion of C:\Users\Colby\Documents\MCEdit\Schematics\mos eisley\0-5.schematic completed successfully.
2015-08-02 01-15-26 [INFO]: Beginning conversion of C:\Users\Colby\Documents\MCEdit\Schematics\mos eisley\2-5.schematic (output class: 25)
2015-08-02 01-15-26 [FINE]: Output file did not exist:  Creating...
2015-08-02 01-15-26 [FINE]: Opening file output stream
2015-08-02 01-15-26 [INFO]: Writing file header
2015-08-02 01-15-26 [INFO]: Conditional Spawning is FALSE
2015-08-02 01-15-26 [INFO]: Writing Blocks to file
2015-08-02 01-15-26 [INFO]: Method length approaching size limit - splitting to next method.
2015-08-02 01-15-26 [INFO]: Method length approaching size limit - splitting to next method.
2015-08-02 01-15-26 [INFO]: Method length approaching size limit - splitting to next method.
2015-08-02 01-15-26 [INFO]: Method length approaching size limit - splitting to next method.
2015-08-02 01-15-26 [INFO]: Method length approaching size limit - splitting to next method.
2015-08-02 01-15-26 [INFO]: Method length approaching size limit - splitting to next method.
2015-08-02 01-15-26 [INFO]: Method length approaching size limit - splitting to next method.
2015-08-02 01-15-26 [INFO]: Method length approaching size limit - splitting to next method.
2015-08-02 01-15-26 [INFO]: Method length approaching size limit - splitting to next method.
2015-08-02 01-15-26 [INFO]: Method length approaching size limit - splitting to next method.
2015-08-02 01-15-26 [INFO]: Method length approaching size limit - splitting to next method.
2015-08-02 01-15-26 [INFO]: Method length approaching size limit - splitting to next method.
2015-08-02 01-15-26 [INFO]: Method length approaching size limit - splitting to next method.
2015-08-02 01-15-26 [INFO]: Method length approaching size limit - splitting to next method.
2015-08-02 01-15-26 [INFO]: Method length approaching size limit - splitting to next method.
2015-08-02 01-15-26 [INFO]: Method length approaching size limit - splitting to next method.
2015-08-02 01-15-26 [INFO]: Method length approaching size limit - splitting to next method.
2015-08-02 01-15-26 [INFO]: Method length approaching size limit - splitting to next method.
2015-08-02 01-15-26 [INFO]: Method length approaching size limit - splitting to next method.
2015-08-02 01-15-26 [INFO]: Method length approaching size limit - splitting to next method.
2015-08-02 01-15-26 [INFO]: Method length approaching size limit - splitting to next method.
2015-08-02 01-15-26 [INFO]: Method length approaching size limit - splitting to next method.
2015-08-02 01-15-26 [INFO]: Writing deferred blocks
2015-08-02 01-15-26 [INFO]: Method length approaching size limit - splitting to next method.
2015-08-02 01-15-26 [INFO]: Writing file footer
2015-08-02 01-15-26 [FINE]: Closing file output stream
2015-08-02 01-15-26 [INFO]: Conversion of C:\Users\Colby\Documents\MCEdit\Schematics\mos eisley\2-5.schematic completed successfully.
2015-08-02 01-15-26 [INFO]: Beginning conversion of C:\Users\Colby\Documents\MCEdit\Schematics\mos eisley\1-4.schematic (output class: 14)
2015-08-02 01-15-26 [FINE]: Output file did not exist:  Creating...
2015-08-02 01-15-26 [FINE]: Opening file output stream
2015-08-02 01-15-26 [INFO]: Writing file header
2015-08-02 01-15-26 [INFO]: Conditional Spawning is FALSE
2015-08-02 01-15-26 [INFO]: Writing Blocks to file
2015-08-02 01-15-26 [INFO]: Method length approaching size limit - splitting to next method.
2015-08-02 01-15-26 [INFO]: Method length approaching size limit - splitting to next method.
2015-08-02 01-15-26 [INFO]: Method length approaching size limit - splitting to next method.
2015-08-02 01-15-26 [INFO]: Method length approaching size limit - splitting to next method.
2015-08-02 01-15-26 [INFO]: Method length approaching size limit - splitting to next method.
2015-08-02 01-15-26 [INFO]: Method length approaching size limit - splitting to next method.
2015-08-02 01-15-26 [INFO]: Method length approaching size limit - splitting to next method.
2015-08-02 01-15-26 [INFO]: Method length approaching size limit - splitting to next method.
2015-08-02 01-15-26 [INFO]: Method length approaching size limit - splitting to next method.
2015-08-02 01-15-26 [INFO]: Method length approaching size limit - splitting to next method.
2015-08-02 01-15-26 [INFO]: Method length approaching size limit - splitting to next method.
2015-08-02 01-15-26 [INFO]: Method length approaching size limit - splitting to next method.
2015-08-02 01-15-26 [INFO]: Method length approaching size limit - splitting to next method.
2015-08-02 01-15-26 [INFO]: Method length approaching size limit - splitting to next method.
2015-08-02 01-15-26 [INFO]: Method length approaching size limit - splitting to next method.
2015-08-02 01-15-26 [INFO]: Method length approaching size limit - splitting to next method.
2015-08-02 01-15-26 [INFO]: Method length approaching size limit - splitting to next method.
2015-08-02 01-15-26 [INFO]: Method length approaching size limit - splitting to next method.
2015-08-02 01-15-26 [INFO]: Method length approaching size limit - splitting to next method.
2015-08-02 01-15-26 [INFO]: Method length approaching size limit - splitting to next method.
2015-08-02 01-15-26 [INFO]: Method length approaching size limit - splitting to next method.
2015-08-02 01-15-26 [INFO]: Method length approaching size limit - splitting to next method.
2015-08-02 01-15-26 [INFO]: Method length approaching size limit - splitting to next method.
2015-08-02 01-15-26 [INFO]: Method length approaching size limit - splitting to next method.
2015-08-02 01-15-26 [INFO]: Method length approaching size limit - splitting to next method.
2015-08-02 01-15-26 [INFO]: Method length approaching size limit - splitting to next method.
2015-08-02 01-15-26 [INFO]: Method length approaching size limit - splitting to next method.
2015-08-02 01-15-26 [INFO]: Method length approaching size limit - splitting to next method.
2015-08-02 01-15-26 [INFO]: Method length approaching size limit - splitting to next method.
2015-08-02 01-15-26 [INFO]: Method length approaching size limit - splitting to next method.
2015-08-02 01-15-26 [INFO]: Method length approaching size limit - splitting to next method.
2015-08-02 01-15-26 [INFO]: Writing deferred blocks
2015-08-02 01-15-26 [INFO]: Method length approaching size limit - splitting to next method.
2015-08-02 01-15-26 [INFO]: Writing file footer
2015-08-02 01-15-26 [FINE]: Closing file output stream
2015-08-02 01-15-26 [INFO]: Conversion of C:\Users\Colby\Documents\MCEdit\Schematics\mos eisley\1-4.schematic completed successfully.
2015-08-02 01-15-26 [INFO]: Beginning conversion of C:\Users\Colby\Documents\MCEdit\Schematics\mos eisley\2-3.schematic (output class: 23)
2015-08-02 01-15-26 [FINE]: Output file did not exist:  Creating...
2015-08-02 01-15-26 [FINE]: Opening file output stream
2015-08-02 01-15-26 [INFO]: Writing file header
2015-08-02 01-15-26 [INFO]: Conditional Spawning is FALSE
2015-08-02 01-15-26 [INFO]: Writing Blocks to file
2015-08-02 01-15-26 [INFO]: Method length approaching size limit - splitting to next method.
2015-08-02 01-15-26 [INFO]: Method length approaching size limit - splitting to next method.
2015-08-02 01-15-26 [INFO]: Method length approaching size limit - splitting to next method.
2015-08-02 01-15-26 [INFO]: Method length approaching size limit - splitting to next method.
2015-08-02 01-15-26 [INFO]: Method length approaching size limit - splitting to next method.
2015-08-02 01-15-26 [INFO]: Method length approaching size limit - splitting to next method.
2015-08-02 01-15-26 [INFO]: Method length approaching size limit - splitting to next method.
2015-08-02 01-15-26 [INFO]: Method length approaching size limit - splitting to next method.
2015-08-02 01-15-26 [INFO]: Method length approaching size limit - splitting to next method.
2015-08-02 01-15-26 [INFO]: Method length approaching size limit - splitting to next method.
2015-08-02 01-15-26 [INFO]: Method length approaching size limit - splitting to next method.
2015-08-02 01-15-26 [INFO]: Method length approaching size limit - splitting to next method.
2015-08-02 01-15-26 [INFO]: Method length approaching size limit - splitting to next method.
2015-08-02 01-15-26 [INFO]: Method length approaching size limit - splitting to next method.
2015-08-02 01-15-26 [INFO]: Method length approaching size limit - splitting to next method.
2015-08-02 01-15-26 [INFO]: Method length approaching size limit - splitting to next method.
2015-08-02 01-15-26 [INFO]: Method length approaching size limit - splitting to next method.
2015-08-02 01-15-26 [INFO]: Method length approaching size limit - splitting to next method.
2015-08-02 01-15-26 [INFO]: Method length approaching size limit - splitting to next method.
2015-08-02 01-15-26 [INFO]: Method length approaching size limit - splitting to next method.
2015-08-02 01-15-26 [INFO]: Method length approaching size limit - splitting to next method.
2015-08-02 01-15-26 [INFO]: Method length approaching size limit - splitting to next method.
2015-08-02 01-15-26 [INFO]: Method length approaching size limit - splitting to next method.
2015-08-02 01-15-26 [INFO]: Method length approaching size limit - splitting to next method.
2015-08-02 01-15-26 [INFO]: Method length approaching size limit - splitting to next method.
2015-08-02 01-15-26 [INFO]: Method length approaching size limit - splitting to next method.
2015-08-02 01-15-26 [INFO]: Method length approaching size limit - splitting to next method.
2015-08-02 01-15-26 [INFO]: Method length approaching size limit - splitting to next method.
2015-08-02 01-15-26 [INFO]: Method length approaching size limit - splitting to next method.
2015-08-02 01-15-26 [INFO]: Method length approaching size limit - splitting to next method.
2015-08-02 01-15-26 [INFO]: Method length approaching size limit - splitting to next method.
2015-08-02 01-15-26 [INFO]: Writing deferred blocks
2015-08-02 01-15-26 [INFO]: Writing file footer
2015-08-02 01-15-26 [FINE]: Closing file output stream
2015-08-02 01-15-26 [INFO]: Conversion of C:\Users\Colby\Documents\MCEdit\Schematics\mos eisley\2-3.schematic completed successfully.
2015-08-02 01-15-26 [INFO]: Beginning conversion of C:\Users\Colby\Documents\MCEdit\Schematics\mos eisley\3-5.schematic (output class: 35)
2015-08-02 01-15-26 [FINE]: Output file did not exist:  Creating...
2015-08-02 01-15-26 [FINE]: Opening file output stream
2015-08-02 01-15-26 [INFO]: Writing file header
2015-08-02 01-15-26 [INFO]: Conditional Spawning is FALSE
2015-08-02 01-15-26 [INFO]: Writing Blocks to file
2015-08-02 01-15-26 [INFO]: Method length approaching size limit - splitting to next method.
2015-08-02 01-15-26 [INFO]: Method length approaching size limit - splitting to next method.
2015-08-02 01-15-26 [INFO]: Method length approaching size limit - splitting to next method.
2015-08-02 01-15-26 [INFO]: Method length approaching size limit - splitting to next method.
2015-08-02 01-15-26 [INFO]: Method length approaching size limit - splitting to next method.
2015-08-02 01-15-26 [INFO]: Method length approaching size limit - splitting to next method.
2015-08-02 01-15-26 [INFO]: Method length approaching size limit - splitting to next method.
2015-08-02 01-15-26 [INFO]: Method length approaching size limit - splitting to next method.
2015-08-02 01-15-26 [INFO]: Method length approaching size limit - splitting to next method.
2015-08-02 01-15-26 [INFO]: Method length approaching size limit - splitting to next method.
2015-08-02 01-15-26 [INFO]: Method length approaching size limit - splitting to next method.
2015-08-02 01-15-26 [INFO]: Method length approaching size limit - splitting to next method.
2015-08-02 01-15-26 [INFO]: Method length approaching size limit - splitting to next method.
2015-08-02 01-15-26 [INFO]: Method length approaching size limit - splitting to next method.
2015-08-02 01-15-26 [INFO]: Method length approaching size limit - splitting to next method.
2015-08-02 01-15-26 [INFO]: Method length approaching size limit - splitting to next method.
2015-08-02 01-15-26 [INFO]: Method length approaching size limit - splitting to next method.
2015-08-02 01-15-26 [INFO]: Method length approaching size limit - splitting to next method.
2015-08-02 01-15-26 [INFO]: Method length approaching size limit - splitting to next method.
2015-08-02 01-15-26 [INFO]: Method length approaching size limit - splitting to next method.
2015-08-02 01-15-26 [INFO]: Method length approaching size limit - splitting to next method.
2015-08-02 01-15-26 [INFO]: Method length approaching size limit - splitting to next method.
2015-08-02 01-15-26 [INFO]: Method length approaching size limit - splitting to next method.
2015-08-02 01-15-26 [INFO]: Writing deferred blocks
2015-08-02 01-15-26 [INFO]: Writing file footer
2015-08-02 01-15-26 [FINE]: Closing file output stream
2015-08-02 01-15-26 [INFO]: Conversion of C:\Users\Colby\Documents\MCEdit\Schematics\mos eisley\3-5.schematic completed successfully.
2015-08-02 01-15-26 [INFO]: Beginning conversion of C:\Users\Colby\Documents\MCEdit\Schematics\mos eisley\3-3.schematic (output class: 33)
2015-08-02 01-15-26 [FINE]: Output file did not exist:  Creating...
2015-08-02 01-15-26 [FINE]: Opening file output stream
2015-08-02 01-15-26 [INFO]: Writing file header
2015-08-02 01-15-26 [INFO]: Conditional Spawning is FALSE
2015-08-02 01-15-26 [INFO]: Writing Blocks to file
2015-08-02 01-15-26 [INFO]: Method length approaching size limit - splitting to next method.
2015-08-02 01-15-26 [INFO]: Method length approaching size limit - splitting to next method.
2015-08-02 01-15-26 [INFO]: Method length approaching size limit - splitting to next method.
2015-08-02 01-15-26 [INFO]: Method length approaching size limit - splitting to next method.
2015-08-02 01-15-26 [INFO]: Method length approaching size limit - splitting to next method.
2015-08-02 01-15-26 [INFO]: Method length approaching size limit - splitting to next method.
2015-08-02 01-15-26 [INFO]: Method length approaching size limit - splitting to next method.
2015-08-02 01-15-26 [INFO]: Method length approaching size limit - splitting to next method.
2015-08-02 01-15-26 [INFO]: Method length approaching size limit - splitting to next method.
2015-08-02 01-15-26 [INFO]: Method length approaching size limit - splitting to next method.
2015-08-02 01-15-26 [INFO]: Method length approaching size limit - splitting to next method.
2015-08-02 01-15-26 [INFO]: Method length approaching size limit - splitting to next method.
2015-08-02 01-15-26 [INFO]: Method length approaching size limit - splitting to next method.
2015-08-02 01-15-26 [INFO]: Method length approaching size limit - splitting to next method.
2015-08-02 01-15-26 [INFO]: Method length approaching size limit - splitting to next method.
2015-08-02 01-15-26 [INFO]: Method length approaching size limit - splitting to next method.
2015-08-02 01-15-26 [INFO]: Method length approaching size limit - splitting to next method.
2015-08-02 01-15-26 [INFO]: Method length approaching size limit - splitting to next method.
2015-08-02 01-15-26 [INFO]: Method length approaching size limit - splitting to next method.
2015-08-02 01-15-26 [INFO]: Method length approaching size limit - splitting to next method.
2015-08-02 01-15-26 [INFO]: Method length approaching size limit - splitting to next method.
2015-08-02 01-15-26 [INFO]: Method length approaching size limit - splitting to next method.
2015-08-02 01-15-26 [INFO]: Method length approaching size limit - splitting to next method.
2015-08-02 01-15-26 [INFO]: Method length approaching size limit - splitting to next method.
2015-08-02 01-15-26 [INFO]: Method length approaching size limit - splitting to next method.
2015-08-02 01-15-26 [INFO]: Method length approaching size limit - splitting to next method.
2015-08-02 01-15-26 [INFO]: Method length approaching size limit - splitting to next method.
2015-08-02 01-15-26 [INFO]: Method length approaching size limit - splitting to next method.
2015-08-02 01-15-26 [INFO]: Method length approaching size limit - splitting to next method.
2015-08-02 01-15-26 [INFO]: Method length approaching size limit - splitting to next method.
2015-08-02 01-15-26 [INFO]: Method length approaching size limit - splitting to next method.
2015-08-02 01-15-26 [INFO]: Method length approaching size limit - splitting to next method.
2015-08-02 01-15-26 [INFO]: Writing deferred blocks
2015-08-02 01-15-26 [INFO]: Method length approaching size limit - splitting to next method.
2015-08-02 01-15-26 [INFO]: Method length approaching size limit - splitting to next method.
2015-08-02 01-15-26 [INFO]: Writing file footer
2015-08-02 01-15-26 [FINE]: Closing file output stream
2015-08-02 01-15-26 [INFO]: Conversion of C:\Users\Colby\Documents\MCEdit\Schematics\mos eisley\3-3.schematic completed successfully.
2015-08-02 01-15-26 [INFO]: Beginning conversion of C:\Users\Colby\Documents\MCEdit\Schematics\mos eisley\2-4.schematic (output class: 24)
2015-08-02 01-15-26 [FINE]: Output file did not exist:  Creating...
2015-08-02 01-15-26 [FINE]: Opening file output stream
2015-08-02 01-15-26 [INFO]: Writing file header
2015-08-02 01-15-26 [INFO]: Conditional Spawning is FALSE
2015-08-02 01-15-26 [INFO]: Writing Blocks to file
2015-08-02 01-15-26 [INFO]: Method length approaching size limit - splitting to next method.
2015-08-02 01-15-26 [INFO]: Method length approaching size limit - splitting to next method.
2015-08-02 01-15-26 [INFO]: Method length approaching size limit - splitting to next method.
2015-08-02 01-15-26 [INFO]: Method length approaching size limit - splitting to next method.
2015-08-02 01-15-26 [INFO]: Method length approaching size limit - splitting to next method.
2015-08-02 01-15-26 [INFO]: Method length approaching size limit - splitting to next method.
2015-08-02 01-15-26 [INFO]: Method length approaching size limit - splitting to next method.
2015-08-02 01-15-26 [INFO]: Method length approaching size limit - splitting to next method.
2015-08-02 01-15-26 [INFO]: Method length approaching size limit - splitting to next method.
2015-08-02 01-15-26 [INFO]: Method length approaching size limit - splitting to next method.
2015-08-02 01-15-26 [INFO]: Method length approaching size limit - splitting to next method.
2015-08-02 01-15-26 [INFO]: Method length approaching size limit - splitting to next method.
2015-08-02 01-15-26 [INFO]: Method length approaching size limit - splitting to next method.
2015-08-02 01-15-26 [INFO]: Method length approaching size limit - splitting to next method.
2015-08-02 01-15-26 [INFO]: Method length approaching size limit - splitting to next method.
2015-08-02 01-15-26 [INFO]: Method length approaching size limit - splitting to next method.
2015-08-02 01-15-26 [INFO]: Method length approaching size limit - splitting to next method.
2015-08-02 01-15-26 [INFO]: Method length approaching size limit - splitting to next method.
2015-08-02 01-15-26 [INFO]: Method length approaching size limit - splitting to next method.
2015-08-02 01-15-26 [INFO]: Method length approaching size limit - splitting to next method.
2015-08-02 01-15-26 [INFO]: Method length approaching size limit - splitting to next method.
2015-08-02 01-15-26 [INFO]: Method length approaching size limit - splitting to next method.
2015-08-02 01-15-26 [INFO]: Method length approaching size limit - splitting to next method.
2015-08-02 01-15-26 [INFO]: Method length approaching size limit - splitting to next method.
2015-08-02 01-15-26 [INFO]: Method length approaching size limit - splitting to next method.
2015-08-02 01-15-26 [INFO]: Method length approaching size limit - splitting to next method.
2015-08-02 01-15-26 [INFO]: Method length approaching size limit - splitting to next method.
2015-08-02 01-15-26 [INFO]: Method length approaching size limit - splitting to next method.
2015-08-02 01-15-26 [INFO]: Method length approaching size limit - splitting to next method.
2015-08-02 01-15-26 [INFO]: Method length approaching size limit - splitting to next method.
2015-08-02 01-15-26 [INFO]: Method length approaching size limit - splitting to next method.
2015-08-02 01-15-26 [INFO]: Writing deferred blocks
2015-08-02 01-15-26 [INFO]: Method length approaching size limit - splitting to next method.
2015-08-02 01-15-26 [INFO]: Method length approaching size limit - splitting to next method.
2015-08-02 01-15-26 [INFO]: Writing file footer
2015-08-02 01-15-26 [FINE]: Closing file output stream
2015-08-02 01-15-26 [INFO]: Conversion of C:\Users\Colby\Documents\MCEdit\Schematics\mos eisley\2-4.schematic completed successfully.
2015-08-02 01-15-26 [INFO]: Beginning conversion of C:\Users\Colby\Documents\MCEdit\Schematics\mos eisley\0-0.schematic (output class: 00)
2015-08-02 01-15-26 [FINE]: Output file did not exist:  Creating...
2015-08-02 01-15-27 [FINE]: Opening file output stream
2015-08-02 01-15-27 [INFO]: Writing file header
2015-08-02 01-15-27 [INFO]: Conditional Spawning is FALSE
2015-08-02 01-15-27 [INFO]: Writing Blocks to file
2015-08-02 01-15-27 [INFO]: Method length approaching size limit - splitting to next method.
2015-08-02 01-15-27 [INFO]: Method length approaching size limit - splitting to next method.
2015-08-02 01-15-27 [INFO]: Method length approaching size limit - splitting to next method.
2015-08-02 01-15-27 [INFO]: Method length approaching size limit - splitting to next method.
2015-08-02 01-15-27 [INFO]: Method length approaching size limit - splitting to next method.
2015-08-02 01-15-27 [INFO]: Method length approaching size limit - splitting to next method.
2015-08-02 01-15-27 [INFO]: Method length approaching size limit - splitting to next method.
2015-08-02 01-15-27 [INFO]: Method length approaching size limit - splitting to next method.
2015-08-02 01-15-27 [INFO]: Method length approaching size limit - splitting to next method.
2015-08-02 01-15-27 [INFO]: Method length approaching size limit - splitting to next method.
2015-08-02 01-15-27 [INFO]: Method length approaching size limit - splitting to next method.
2015-08-02 01-15-27 [INFO]: Method length approaching size limit - splitting to next method.
2015-08-02 01-15-27 [INFO]: Method length approaching size limit - splitting to next method.
2015-08-02 01-15-27 [INFO]: Method length approaching size limit - splitting to next method.
2015-08-02 01-15-27 [INFO]: Method length approaching size limit - splitting to next method.
2015-08-02 01-15-27 [INFO]: Method length approaching size limit - splitting to next method.
2015-08-02 01-15-27 [INFO]: Writing deferred blocks
2015-08-02 01-15-27 [INFO]: Writing file footer
2015-08-02 01-15-27 [FINE]: Closing file output stream
2015-08-02 01-15-27 [INFO]: Conversion of C:\Users\Colby\Documents\MCEdit\Schematics\mos eisley\0-0.schematic completed successfully.
2015-08-02 01-15-27 [INFO]: Beginning conversion of C:\Users\Colby\Documents\MCEdit\Schematics\mos eisley\1-5.schematic (output class: 15)
2015-08-02 01-15-27 [FINE]: Output file did not exist:  Creating...
2015-08-02 01-15-27 [FINE]: Opening file output stream
2015-08-02 01-15-27 [INFO]: Writing file header
2015-08-02 01-15-27 [INFO]: Conditional Spawning is FALSE
2015-08-02 01-15-27 [INFO]: Writing Blocks to file
2015-08-02 01-15-27 [INFO]: Method length approaching size limit - splitting to next method.
2015-08-02 01-15-27 [INFO]: Method length approaching size limit - splitting to next method.
2015-08-02 01-15-27 [INFO]: Method length approaching size limit - splitting to next method.
2015-08-02 01-15-27 [INFO]: Method length approaching size limit - splitting to next method.
2015-08-02 01-15-27 [INFO]: Method length approaching size limit - splitting to next method.
2015-08-02 01-15-27 [INFO]: Method length approaching size limit - splitting to next method.
2015-08-02 01-15-27 [INFO]: Method length approaching size limit - splitting to next method.
2015-08-02 01-15-27 [INFO]: Method length approaching size limit - splitting to next method.
2015-08-02 01-15-27 [INFO]: Method length approaching size limit - splitting to next method.
2015-08-02 01-15-27 [INFO]: Method length approaching size limit - splitting to next method.
2015-08-02 01-15-27 [INFO]: Method length approaching size limit - splitting to next method.
2015-08-02 01-15-27 [INFO]: Method length approaching size limit - splitting to next method.
2015-08-02 01-15-27 [INFO]: Method length approaching size limit - splitting to next method.
2015-08-02 01-15-27 [INFO]: Method length approaching size limit - splitting to next method.
2015-08-02 01-15-27 [INFO]: Method length approaching size limit - splitting to next method.
2015-08-02 01-15-27 [INFO]: Method length approaching size limit - splitting to next method.
2015-08-02 01-15-27 [INFO]: Method length approaching size limit - splitting to next method.
2015-08-02 01-15-27 [INFO]: Method length approaching size limit - splitting to next method.
2015-08-02 01-15-27 [INFO]: Method length approaching size limit - splitting to next method.
2015-08-02 01-15-27 [INFO]: Method length approaching size limit - splitting to next method.
2015-08-02 01-15-27 [INFO]: Method length approaching size limit - splitting to next method.
2015-08-02 01-15-27 [INFO]: Method length approaching size limit - splitting to next method.
2015-08-02 01-15-27 [INFO]: Writing deferred blocks
2015-08-02 01-15-27 [INFO]: Writing file footer
2015-08-02 01-15-27 [FINE]: Closing file output stream
2015-08-02 01-15-27 [INFO]: Conversion of C:\Users\Colby\Documents\MCEdit\Schematics\mos eisley\1-5.schematic completed successfully.
2015-08-02 01-15-27 [INFO]: Beginning conversion of C:\Users\Colby\Documents\MCEdit\Schematics\mos eisley\1-1.schematic (output class: 11)
2015-08-02 01-15-27 [FINE]: Output file did not exist:  Creating...
2015-08-02 01-15-27 [FINE]: Opening file output stream
2015-08-02 01-15-27 [INFO]: Writing file header
2015-08-02 01-15-27 [INFO]: Conditional Spawning is FALSE
2015-08-02 01-15-27 [INFO]: Writing Blocks to file
2015-08-02 01-15-27 [INFO]: Method length approaching size limit - splitting to next method.
2015-08-02 01-15-27 [INFO]: Method length approaching size limit - splitting to next method.
2015-08-02 01-15-27 [INFO]: Method length approaching size limit - splitting to next method.
2015-08-02 01-15-27 [INFO]: Method length approaching size limit - splitting to next method.
2015-08-02 01-15-27 [INFO]: Method length approaching size limit - splitting to next method.
2015-08-02 01-15-27 [INFO]: Method length approaching size limit - splitting to next method.
2015-08-02 01-15-27 [INFO]: Method length approaching size limit - splitting to next method.
2015-08-02 01-15-27 [INFO]: Method length approaching size limit - splitting to next method.
2015-08-02 01-15-27 [INFO]: Method length approaching size limit - splitting to next method.
2015-08-02 01-15-27 [INFO]: Method length approaching size limit - splitting to next method.
2015-08-02 01-15-27 [INFO]: Method length approaching size limit - splitting to next method.
2015-08-02 01-15-27 [INFO]: Method length approaching size limit - splitting to next method.
2015-08-02 01-15-27 [INFO]: Method length approaching size limit - splitting to next method.
2015-08-02 01-15-27 [INFO]: Method length approaching size limit - splitting to next method.
2015-08-02 01-15-27 [INFO]: Method length approaching size limit - splitting to next method.
2015-08-02 01-15-27 [INFO]: Method length approaching size limit - splitting to next method.
2015-08-02 01-15-27 [INFO]: Method length approaching size limit - splitting to next method.
2015-08-02 01-15-27 [INFO]: Method length approaching size limit - splitting to next method.
2015-08-02 01-15-27 [INFO]: Method length approaching size limit - splitting to next method.
2015-08-02 01-15-27 [INFO]: Method length approaching size limit - splitting to next method.
2015-08-02 01-15-27 [INFO]: Method length approaching size limit - splitting to next method.
2015-08-02 01-15-27 [INFO]: Method length approaching size limit - splitting to next method.
2015-08-02 01-15-27 [INFO]: Method length approaching size limit - splitting to next method.
2015-08-02 01-15-27 [INFO]: Method length approaching size limit - splitting to next method.
2015-08-02 01-15-27 [INFO]: Method length approaching size limit - splitting to next method.
2015-08-02 01-15-27 [INFO]: Method length approaching size limit - splitting to next method.
2015-08-02 01-15-27 [INFO]: Method length approaching size limit - splitting to next method.
2015-08-02 01-15-27 [INFO]: Method length approaching size limit - splitting to next method.
2015-08-02 01-15-27 [INFO]: Method length approaching size limit - splitting to next method.
2015-08-02 01-15-27 [INFO]: Method length approaching size limit - splitting to next method.
2015-08-02 01-15-27 [INFO]: Method length approaching size limit - splitting to next method.
2015-08-02 01-15-27 [INFO]: Writing deferred blocks
2015-08-02 01-15-27 [INFO]: Method length approaching size limit - splitting to next method.
2015-08-02 01-15-27 [INFO]: Method length approaching size limit - splitting to next method.
2015-08-02 01-15-27 [INFO]: Writing file footer
2015-08-02 01-15-27 [FINE]: Closing file output stream
2015-08-02 01-15-27 [INFO]: Conversion of C:\Users\Colby\Documents\MCEdit\Schematics\mos eisley\1-1.schematic completed successfully.
2015-08-02 01-15-27 [INFO]: Beginning conversion of C:\Users\Colby\Documents\MCEdit\Schematics\mos eisley\0-1.schematic (output class: 01)
2015-08-02 01-15-27 [FINE]: Output file did not exist:  Creating...
2015-08-02 01-15-27 [FINE]: Opening file output stream
2015-08-02 01-15-27 [INFO]: Writing file header
2015-08-02 01-15-27 [INFO]: Conditional Spawning is FALSE
2015-08-02 01-15-27 [INFO]: Writing Blocks to file
2015-08-02 01-15-27 [INFO]: Method length approaching size limit - splitting to next method.
2015-08-02 01-15-27 [INFO]: Method length approaching size limit - splitting to next method.
2015-08-02 01-15-27 [INFO]: Method length approaching size limit - splitting to next method.
2015-08-02 01-15-27 [INFO]: Method length approaching size limit - splitting to next method.
2015-08-02 01-15-27 [INFO]: Method length approaching size limit - splitting to next method.
2015-08-02 01-15-27 [INFO]: Method length approaching size limit - splitting to next method.
2015-08-02 01-15-27 [INFO]: Method length approaching size limit - splitting to next method.
2015-08-02 01-15-27 [INFO]: Method length approaching size limit - splitting to next method.
2015-08-02 01-15-27 [INFO]: Method length approaching size limit - splitting to next method.
2015-08-02 01-15-27 [INFO]: Method length approaching size limit - splitting to next method.
2015-08-02 01-15-27 [INFO]: Method length approaching size limit - splitting to next method.
2015-08-02 01-15-27 [INFO]: Method length approaching size limit - splitting to next method.
2015-08-02 01-15-27 [INFO]: Method length approaching size limit - splitting to next method.
2015-08-02 01-15-27 [INFO]: Method length approaching size limit - splitting to next method.
2015-08-02 01-15-27 [INFO]: Method length approaching size limit - splitting to next method.
2015-08-02 01-15-27 [INFO]: Method length approaching size limit - splitting to next method.
2015-08-02 01-15-27 [INFO]: Method length approaching size limit - splitting to next method.
2015-08-02 01-15-27 [INFO]: Method length approaching size limit - splitting to next method.
2015-08-02 01-15-27 [INFO]: Method length approaching size limit - splitting to next method.
2015-08-02 01-15-27 [INFO]: Method length approaching size limit - splitting to next method.
2015-08-02 01-15-27 [INFO]: Method length approaching size limit - splitting to next method.
2015-08-02 01-15-27 [INFO]: Method length approaching size limit - splitting to next method.
2015-08-02 01-15-27 [INFO]: Method length approaching size limit - splitting to next method.
2015-08-02 01-15-27 [INFO]: Method length approaching size limit - splitting to next method.
2015-08-02 01-15-27 [INFO]: Method length approaching size limit - splitting to next method.
2015-08-02 01-15-27 [INFO]: Method length approaching size limit - splitting to next method.
2015-08-02 01-15-27 [INFO]: Method length approaching size limit - splitting to next method.
2015-08-02 01-15-27 [INFO]: Method length approaching size limit - splitting to next method.
2015-08-02 01-15-27 [INFO]: Method length approaching size limit - splitting to next method.
2015-08-02 01-15-27 [INFO]: Method length approaching size limit - splitting to next method.
2015-08-02 01-15-27 [INFO]: Method length approaching size limit - splitting to next method.
2015-08-02 01-15-27 [INFO]: Writing deferred blocks
2015-08-02 01-15-27 [INFO]: Writing file footer
2015-08-02 01-15-27 [FINE]: Closing file output stream
2015-08-02 01-15-27 [INFO]: Conversion of C:\Users\Colby\Documents\MCEdit\Schematics\mos eisley\0-1.schematic completed successfully.
2015-08-02 01-15-27 [INFO]: Beginning conversion of C:\Users\Colby\Documents\MCEdit\Schematics\mos eisley\0-2.schematic (output class: 02)
2015-08-02 01-15-27 [FINE]: Output file did not exist:  Creating...
2015-08-02 01-15-27 [FINE]: Opening file output stream
2015-08-02 01-15-27 [INFO]: Writing file header
2015-08-02 01-15-27 [INFO]: Conditional Spawning is FALSE
2015-08-02 01-15-27 [INFO]: Writing Blocks to file
2015-08-02 01-15-27 [INFO]: Method length approaching size limit - splitting to next method.
2015-08-02 01-15-27 [INFO]: Method length approaching size limit - splitting to next method.
2015-08-02 01-15-27 [INFO]: Method length approaching size limit - splitting to next method.
2015-08-02 01-15-27 [INFO]: Method length approaching size limit - splitting to next method.
2015-08-02 01-15-27 [INFO]: Method length approaching size limit - splitting to next method.
2015-08-02 01-15-27 [INFO]: Method length approaching size limit - splitting to next method.
2015-08-02 01-15-27 [INFO]: Method length approaching size limit - splitting to next method.
2015-08-02 01-15-27 [INFO]: Method length approaching size limit - splitting to next method.
2015-08-02 01-15-27 [INFO]: Method length approaching size limit - splitting to next method.
2015-08-02 01-15-27 [INFO]: Method length approaching size limit - splitting to next method.
2015-08-02 01-15-27 [INFO]: Method length approaching size limit - splitting to next method.
2015-08-02 01-15-27 [INFO]: Method length approaching size limit - splitting to next method.
2015-08-02 01-15-27 [INFO]: Method length approaching size limit - splitting to next method.
2015-08-02 01-15-27 [INFO]: Method length approaching size limit - splitting to next method.
2015-08-02 01-15-27 [INFO]: Method length approaching size limit - splitting to next method.
2015-08-02 01-15-27 [INFO]: Method length approaching size limit - splitting to next method.
2015-08-02 01-15-27 [INFO]: Method length approaching size limit - splitting to next method.
2015-08-02 01-15-27 [INFO]: Method length approaching size limit - splitting to next method.
2015-08-02 01-15-27 [INFO]: Method length approaching size limit - splitting to next method.
2015-08-02 01-15-27 [INFO]: Method length approaching size limit - splitting to next method.
2015-08-02 01-15-27 [INFO]: Method length approaching size limit - splitting to next method.
2015-08-02 01-15-27 [INFO]: Method length approaching size limit - splitting to next method.
2015-08-02 01-15-27 [INFO]: Method length approaching size limit - splitting to next method.
2015-08-02 01-15-27 [INFO]: Method length approaching size limit - splitting to next method.
2015-08-02 01-15-27 [INFO]: Method length approaching size limit - splitting to next method.
2015-08-02 01-15-27 [INFO]: Method length approaching size limit - splitting to next method.
2015-08-02 01-15-27 [INFO]: Method length approaching size limit - splitting to next method.
2015-08-02 01-15-27 [INFO]: Method length approaching size limit - splitting to next method.
2015-08-02 01-15-27 [INFO]: Method length approaching size limit - splitting to next method.
2015-08-02 01-15-27 [INFO]: Method length approaching size limit - splitting to next method.
2015-08-02 01-15-27 [INFO]: Method length approaching size limit - splitting to next method.
2015-08-02 01-15-27 [INFO]: Writing deferred blocks
2015-08-02 01-15-27 [INFO]: Writing file footer
2015-08-02 01-15-27 [FINE]: Closing file output stream
2015-08-02 01-15-27 [INFO]: Conversion of C:\Users\Colby\Documents\MCEdit\Schematics\mos eisley\0-2.schematic completed successfully.
2015-08-02 01-15-27 [INFO]: Beginning conversion of C:\Users\Colby\Documents\MCEdit\Schematics\mos eisley\2-1.schematic (output class: 21)
2015-08-02 01-15-27 [FINE]: Output file did not exist:  Creating...
2015-08-02 01-15-27 [FINE]: Opening file output stream
2015-08-02 01-15-27 [INFO]: Writing file header
2015-08-02 01-15-27 [INFO]: Conditional Spawning is FALSE
2015-08-02 01-15-27 [INFO]: Writing Blocks to file
2015-08-02 01-15-27 [INFO]: Method length approaching size limit - splitting to next method.
2015-08-02 01-15-27 [INFO]: Method length approaching size limit - splitting to next method.
2015-08-02 01-15-27 [INFO]: Method length approaching size limit - splitting to next method.
2015-08-02 01-15-27 [INFO]: Method length approaching size limit - splitting to next method.
2015-08-02 01-15-27 [INFO]: Method length approaching size limit - splitting to next method.
2015-08-02 01-15-27 [INFO]: Method length approaching size limit - splitting to next method.
2015-08-02 01-15-27 [INFO]: Method length approaching size limit - splitting to next method.
2015-08-02 01-15-27 [INFO]: Method length approaching size limit - splitting to next method.
2015-08-02 01-15-27 [INFO]: Method length approaching size limit - splitting to next method.
2015-08-02 01-15-27 [INFO]: Method length approaching size limit - splitting to next method.
2015-08-02 01-15-27 [INFO]: Method length approaching size limit - splitting to next method.
2015-08-02 01-15-27 [INFO]: Method length approaching size limit - splitting to next method.
2015-08-02 01-15-27 [INFO]: Method length approaching size limit - splitting to next method.
2015-08-02 01-15-27 [INFO]: Method length approaching size limit - splitting to next method.
2015-08-02 01-15-27 [INFO]: Method length approaching size limit - splitting to next method.
2015-08-02 01-15-27 [INFO]: Method length approaching size limit - splitting to next method.
2015-08-02 01-15-27 [INFO]: Method length approaching size limit - splitting to next method.
2015-08-02 01-15-27 [INFO]: Method length approaching size limit - splitting to next method.
2015-08-02 01-15-27 [INFO]: Method length approaching size limit - splitting to next method.
2015-08-02 01-15-27 [INFO]: Method length approaching size limit - splitting to next method.
2015-08-02 01-15-27 [INFO]: Method length approaching size limit - splitting to next method.
2015-08-02 01-15-27 [INFO]: Method length approaching size limit - splitting to next method.
2015-08-02 01-15-27 [INFO]: Method length approaching size limit - splitting to next method.
2015-08-02 01-15-27 [INFO]: Method length approaching size limit - splitting to next method.
2015-08-02 01-15-27 [INFO]: Method length approaching size limit - splitting to next method.
2015-08-02 01-15-27 [INFO]: Method length approaching size limit - splitting to next method.
2015-08-02 01-15-27 [INFO]: Method length approaching size limit - splitting to next method.
2015-08-02 01-15-27 [INFO]: Method length approaching size limit - splitting to next method.
2015-08-02 01-15-27 [INFO]: Method length approaching size limit - splitting to next method.
2015-08-02 01-15-27 [INFO]: Method length approaching size limit - splitting to next method.
2015-08-02 01-15-27 [INFO]: Method length approaching size limit - splitting to next method.
2015-08-02 01-15-27 [INFO]: Writing deferred blocks
2015-08-02 01-15-27 [INFO]: Writing file footer
2015-08-02 01-15-27 [FINE]: Closing file output stream
2015-08-02 01-15-27 [INFO]: Conversion of C:\Users\Colby\Documents\MCEdit\Schematics\mos eisley\2-1.schematic completed successfully.
2015-08-02 01-15-27 [INFO]: Beginning conversion of C:\Users\Colby\Documents\MCEdit\Schematics\mos eisley\1-0.schematic (output class: 10)
2015-08-02 01-15-27 [FINE]: Output file did not exist:  Creating...
2015-08-02 01-15-27 [FINE]: Opening file output stream
2015-08-02 01-15-27 [INFO]: Writing file header
2015-08-02 01-15-27 [INFO]: Conditional Spawning is FALSE
2015-08-02 01-15-27 [INFO]: Writing Blocks to file
2015-08-02 01-15-27 [INFO]: Method length approaching size limit - splitting to next method.
2015-08-02 01-15-27 [INFO]: Method length approaching size limit - splitting to next method.
2015-08-02 01-15-27 [INFO]: Method length approaching size limit - splitting to next method.
2015-08-02 01-15-27 [INFO]: Method length approaching size limit - splitting to next method.
2015-08-02 01-15-27 [INFO]: Method length approaching size limit - splitting to next method.
2015-08-02 01-15-27 [INFO]: Method length approaching size limit - splitting to next method.
2015-08-02 01-15-27 [INFO]: Method length approaching size limit - splitting to next method.
2015-08-02 01-15-27 [INFO]: Method length approaching size limit - splitting to next method.
2015-08-02 01-15-27 [INFO]: Method length approaching size limit - splitting to next method.
2015-08-02 01-15-27 [INFO]: Method length approaching size limit - splitting to next method.
2015-08-02 01-15-27 [INFO]: Method length approaching size limit - splitting to next method.
2015-08-02 01-15-27 [INFO]: Method length approaching size limit - splitting to next method.
2015-08-02 01-15-27 [INFO]: Method length approaching size limit - splitting to next method.
2015-08-02 01-15-27 [INFO]: Method length approaching size limit - splitting to next method.
2015-08-02 01-15-27 [INFO]: Method length approaching size limit - splitting to next method.
2015-08-02 01-15-27 [INFO]: Method length approaching size limit - splitting to next method.
2015-08-02 01-15-27 [INFO]: Method length approaching size limit - splitting to next method.
2015-08-02 01-15-27 [INFO]: Method length approaching size limit - splitting to next method.
2015-08-02 01-15-27 [INFO]: Method length approaching size limit - splitting to next method.
2015-08-02 01-15-27 [INFO]: Method length approaching size limit - splitting to next method.
2015-08-02 01-15-27 [INFO]: Method length approaching size limit - splitting to next method.
2015-08-02 01-15-27 [INFO]: Method length approaching size limit - splitting to next method.
2015-08-02 01-15-27 [INFO]: Method length approaching size limit - splitting to next method.
2015-08-02 01-15-27 [INFO]: Method length approaching size limit - splitting to next method.
2015-08-02 01-15-27 [INFO]: Method length approaching size limit - splitting to next method.
2015-08-02 01-15-27 [INFO]: Method length approaching size limit - splitting to next method.
2015-08-02 01-15-27 [INFO]: Method length approaching size limit - splitting to next method.
2015-08-02 01-15-27 [INFO]: Method length approaching size limit - splitting to next method.
2015-08-02 01-15-27 [INFO]: Method length approaching size limit - splitting to next method.
2015-08-02 01-15-27 [INFO]: Method length approaching size limit - splitting to next method.
2015-08-02 01-15-27 [INFO]: Method length approaching size limit - splitting to next method.
2015-08-02 01-15-27 [INFO]: Writing deferred blocks
2015-08-02 01-15-27 [INFO]: Writing file footer
2015-08-02 01-15-27 [FINE]: Closing file output stream
2015-08-02 01-15-27 [INFO]: Conversion of C:\Users\Colby\Documents\MCEdit\Schematics\mos eisley\1-0.schematic completed successfully.
2015-08-02 01-15-27 [INFO]: Beginning conversion of C:\Users\Colby\Documents\MCEdit\Schematics\mos eisley\3-0.schematic (output class: 30)
2015-08-02 01-15-27 [FINE]: Output file did not exist:  Creating...
2015-08-02 01-15-27 [FINE]: Opening file output stream
2015-08-02 01-15-27 [INFO]: Writing file header
2015-08-02 01-15-27 [INFO]: Conditional Spawning is FALSE
2015-08-02 01-15-27 [INFO]: Writing Blocks to file
2015-08-02 01-15-27 [INFO]: Method length approaching size limit - splitting to next method.
2015-08-02 01-15-27 [INFO]: Method length approaching size limit - splitting to next method.
2015-08-02 01-15-27 [INFO]: Method length approaching size limit - splitting to next method.
2015-08-02 01-15-27 [INFO]: Method length approaching size limit - splitting to next method.
2015-08-02 01-15-27 [INFO]: Method length approaching size limit - splitting to next method.
2015-08-02 01-15-27 [INFO]: Method length approaching size limit - splitting to next method.
2015-08-02 01-15-27 [INFO]: Method length approaching size limit - splitting to next method.
2015-08-02 01-15-27 [INFO]: Method length approaching size limit - splitting to next method.
2015-08-02 01-15-27 [INFO]: Method length approaching size limit - splitting to next method.
2015-08-02 01-15-27 [INFO]: Method length approaching size limit - splitting to next method.
2015-08-02 01-15-27 [INFO]: Method length approaching size limit - splitting to next method.
2015-08-02 01-15-27 [INFO]: Method length approaching size limit - splitting to next method.
2015-08-02 01-15-27 [INFO]: Method length approaching size limit - splitting to next method.
2015-08-02 01-15-27 [INFO]: Method length approaching size limit - splitting to next method.
2015-08-02 01-15-27 [INFO]: Method length approaching size limit - splitting to next method.
2015-08-02 01-15-27 [INFO]: Method length approaching size limit - splitting to next method.
2015-08-02 01-15-27 [INFO]: Method length approaching size limit - splitting to next method.
2015-08-02 01-15-27 [INFO]: Method length approaching size limit - splitting to next method.
2015-08-02 01-15-28 [INFO]: Method length approaching size limit - splitting to next method.
2015-08-02 01-15-28 [INFO]: Method length approaching size limit - splitting to next method.
2015-08-02 01-15-28 [INFO]: Method length approaching size limit - splitting to next method.
2015-08-02 01-15-28 [INFO]: Method length approaching size limit - splitting to next method.
2015-08-02 01-15-28 [INFO]: Method length approaching size limit - splitting to next method.
2015-08-02 01-15-28 [INFO]: Method length approaching size limit - splitting to next method.
2015-08-02 01-15-28 [INFO]: Method length approaching size limit - splitting to next method.
2015-08-02 01-15-28 [INFO]: Method length approaching size limit - splitting to next method.
2015-08-02 01-15-28 [INFO]: Method length approaching size limit - splitting to next method.
2015-08-02 01-15-28 [INFO]: Method length approaching size limit - splitting to next method.
2015-08-02 01-15-28 [INFO]: Method length approaching size limit - splitting to next method.
2015-08-02 01-15-28 [INFO]: Method length approaching size limit - splitting to next method.
2015-08-02 01-15-28 [INFO]: Method length approaching size limit - splitting to next method.
2015-08-02 01-15-28 [INFO]: Method length approaching size limit - splitting to next method.
2015-08-02 01-15-28 [INFO]: Writing deferred blocks
2015-08-02 01-15-28 [INFO]: Method length approaching size limit - splitting to next method.
2015-08-02 01-15-28 [INFO]: Method length approaching size limit - splitting to next method.
2015-08-02 01-15-28 [INFO]: Writing file footer
2015-08-02 01-15-28 [FINE]: Closing file output stream
2015-08-02 01-15-28 [INFO]: Conversion of C:\Users\Colby\Documents\MCEdit\Schematics\mos eisley\3-0.schematic completed successfully.
2015-08-02 01-15-28 [INFO]: Beginning conversion of C:\Users\Colby\Documents\MCEdit\Schematics\mos eisley\2-0.schematic (output class: 20)
2015-08-02 01-15-28 [FINE]: Output file did not exist:  Creating...
2015-08-02 01-15-28 [FINE]: Opening file output stream
2015-08-02 01-15-28 [INFO]: Writing file header
2015-08-02 01-15-28 [INFO]: Conditional Spawning is FALSE
2015-08-02 01-15-28 [INFO]: Writing Blocks to file
2015-08-02 01-15-28 [INFO]: Method length approaching size limit - splitting to next method.
2015-08-02 01-15-28 [INFO]: Method length approaching size limit - splitting to next method.
2015-08-02 01-15-28 [INFO]: Method length approaching size limit - splitting to next method.
2015-08-02 01-15-28 [INFO]: Method length approaching size limit - splitting to next method.
2015-08-02 01-15-28 [INFO]: Method length approaching size limit - splitting to next method.
2015-08-02 01-15-28 [INFO]: Method length approaching size limit - splitting to next method.
2015-08-02 01-15-28 [INFO]: Method length approaching size limit - splitting to next method.
2015-08-02 01-15-28 [INFO]: Method length approaching size limit - splitting to next method.
2015-08-02 01-15-28 [INFO]: Method length approaching size limit - splitting to next method.
2015-08-02 01-15-28 [INFO]: Method length approaching size limit - splitting to next method.
2015-08-02 01-15-28 [INFO]: Method length approaching size limit - splitting to next method.
2015-08-02 01-15-28 [INFO]: Method length approaching size limit - splitting to next method.
2015-08-02 01-15-28 [INFO]: Method length approaching size limit - splitting to next method.
2015-08-02 01-15-28 [INFO]: Method length approaching size limit - splitting to next method.
2015-08-02 01-15-28 [INFO]: Method length approaching size limit - splitting to next method.
2015-08-02 01-15-28 [INFO]: Method length approaching size limit - splitting to next method.
2015-08-02 01-15-28 [INFO]: Method length approaching size limit - splitting to next method.
2015-08-02 01-15-28 [INFO]: Method length approaching size limit - splitting to next method.
2015-08-02 01-15-28 [INFO]: Method length approaching size limit - splitting to next method.
2015-08-02 01-15-28 [INFO]: Method length approaching size limit - splitting to next method.
2015-08-02 01-15-28 [INFO]: Method length approaching size limit - splitting to next method.
2015-08-02 01-15-28 [INFO]: Method length approaching size limit - splitting to next method.
2015-08-02 01-15-28 [INFO]: Method length approaching size limit - splitting to next method.
2015-08-02 01-15-28 [INFO]: Method length approaching size limit - splitting to next method.
2015-08-02 01-15-28 [INFO]: Method length approaching size limit - splitting to next method.
2015-08-02 01-15-28 [INFO]: Method length approaching size limit - splitting to next method.
2015-08-02 01-15-28 [INFO]: Method length approaching size limit - splitting to next method.
2015-08-02 01-15-28 [INFO]: Method length approaching size limit - splitting to next method.
2015-08-02 01-15-28 [INFO]: Method length approaching size limit - splitting to next method.
2015-08-02 01-15-28 [INFO]: Method length approaching size limit - splitting to next method.
2015-08-02 01-15-28 [INFO]: Method length approaching size limit - splitting to next method.
2015-08-02 01-15-28 [INFO]: Writing deferred blocks
2015-08-02 01-15-28 [INFO]: Writing file footer
2015-08-02 01-15-28 [FINE]: Closing file output stream
2015-08-02 01-15-28 [INFO]: Conversion of C:\Users\Colby\Documents\MCEdit\Schematics\mos eisley\2-0.schematic completed successfully.
2015-08-02 01-15-28 [INFO]: Beginning conversion of C:\Users\Colby\Documents\MCEdit\Schematics\mos eisley\1-3.schematic (output class: 13)
2015-08-02 01-15-28 [FINE]: Output file did not exist:  Creating...
2015-08-02 01-15-28 [FINE]: Opening file output stream
2015-08-02 01-15-28 [INFO]: Writing file header
2015-08-02 01-15-28 [INFO]: Conditional Spawning is FALSE
2015-08-02 01-15-28 [INFO]: Writing Blocks to file
2015-08-02 01-15-28 [INFO]: Method length approaching size limit - splitting to next method.
2015-08-02 01-15-28 [INFO]: Method length approaching size limit - splitting to next method.
2015-08-02 01-15-28 [INFO]: Method length approaching size limit - splitting to next method.
2015-08-02 01-15-28 [INFO]: Method length approaching size limit - splitting to next method.
2015-08-02 01-15-28 [INFO]: Method length approaching size limit - splitting to next method.
2015-08-02 01-15-28 [INFO]: Method length approaching size limit - splitting to next method.
2015-08-02 01-15-28 [INFO]: Method length approaching size limit - splitting to next method.
2015-08-02 01-15-28 [INFO]: Method length approaching size limit - splitting to next method.
2015-08-02 01-15-28 [INFO]: Method length approaching size limit - splitting to next method.
2015-08-02 01-15-28 [INFO]: Method length approaching size limit - splitting to next method.
2015-08-02 01-15-28 [INFO]: Method length approaching size limit - splitting to next method.
2015-08-02 01-15-28 [INFO]: Method length approaching size limit - splitting to next method.
2015-08-02 01-15-28 [INFO]: Method length approaching size limit - splitting to next method.
2015-08-02 01-15-28 [INFO]: Method length approaching size limit - splitting to next method.
2015-08-02 01-15-28 [INFO]: Method length approaching size limit - splitting to next method.
2015-08-02 01-15-28 [INFO]: Method length approaching size limit - splitting to next method.
2015-08-02 01-15-28 [INFO]: Method length approaching size limit - splitting to next method.
2015-08-02 01-15-28 [INFO]: Method length approaching size limit - splitting to next method.
2015-08-02 01-15-28 [INFO]: Method length approaching size limit - splitting to next method.
2015-08-02 01-15-28 [INFO]: Method length approaching size limit - splitting to next method.
2015-08-02 01-15-28 [INFO]: Method length approaching size limit - splitting to next method.
2015-08-02 01-15-28 [INFO]: Method length approaching size limit - splitting to next method.
2015-08-02 01-15-28 [INFO]: Method length approaching size limit - splitting to next method.
2015-08-02 01-15-28 [INFO]: Method length approaching size limit - splitting to next method.
2015-08-02 01-15-28 [INFO]: Method length approaching size limit - splitting to next method.
2015-08-02 01-15-28 [INFO]: Method length approaching size limit - splitting to next method.
2015-08-02 01-15-28 [INFO]: Method length approaching size limit - splitting to next method.
2015-08-02 01-15-28 [INFO]: Method length approaching size limit - splitting to next method.
2015-08-02 01-15-28 [INFO]: Method length approaching size limit - splitting to next method.
2015-08-02 01-15-28 [INFO]: Method length approaching size limit - splitting to next method.
2015-08-02 01-15-28 [INFO]: Method length approaching size limit - splitting to next method.
2015-08-02 01-15-28 [INFO]: Writing deferred blocks
2015-08-02 01-15-28 [INFO]: Writing file footer
2015-08-02 01-15-28 [FINE]: Closing file output stream
2015-08-02 01-15-28 [INFO]: Conversion of C:\Users\Colby\Documents\MCEdit\Schematics\mos eisley\1-3.schematic completed successfully.
2015-08-02 01-15-28 [INFO]: Beginning conversion of C:\Users\Colby\Documents\MCEdit\Schematics\mos eisley\3-2.schematic (output class: 32)
2015-08-02 01-15-28 [FINE]: Output file did not exist:  Creating...
2015-08-02 01-15-28 [FINE]: Opening file output stream
2015-08-02 01-15-28 [INFO]: Writing file header
2015-08-02 01-15-28 [INFO]: Conditional Spawning is FALSE
2015-08-02 01-15-28 [INFO]: Writing Blocks to file
2015-08-02 01-15-28 [INFO]: Method length approaching size limit - splitting to next method.
2015-08-02 01-15-28 [INFO]: Method length approaching size limit - splitting to next method.
2015-08-02 01-15-28 [INFO]: Method length approaching size limit - splitting to next method.
2015-08-02 01-15-28 [INFO]: Method length approaching size limit - splitting to next method.
2015-08-02 01-15-28 [INFO]: Method length approaching size limit - splitting to next method.
2015-08-02 01-15-28 [INFO]: Method length approaching size limit - splitting to next method.
2015-08-02 01-15-28 [INFO]: Method length approaching size limit - splitting to next method.
2015-08-02 01-15-28 [INFO]: Method length approaching size limit - splitting to next method.
2015-08-02 01-15-28 [INFO]: Method length approaching size limit - splitting to next method.
2015-08-02 01-15-28 [INFO]: Method length approaching size limit - splitting to next method.
2015-08-02 01-15-28 [INFO]: Method length approaching size limit - splitting to next method.
2015-08-02 01-15-28 [INFO]: Method length approaching size limit - splitting to next method.
2015-08-02 01-15-28 [INFO]: Method length approaching size limit - splitting to next method.
2015-08-02 01-15-28 [INFO]: Method length approaching size limit - splitting to next method.
2015-08-02 01-15-28 [INFO]: Method length approaching size limit - splitting to next method.
2015-08-02 01-15-28 [INFO]: Method length approaching size limit - splitting to next method.
2015-08-02 01-15-28 [INFO]: Method length approaching size limit - splitting to next method.
2015-08-02 01-15-28 [INFO]: Method length approaching size limit - splitting to next method.
2015-08-02 01-15-28 [INFO]: Method length approaching size limit - splitting to next method.
2015-08-02 01-15-28 [INFO]: Method length approaching size limit - splitting to next method.
2015-08-02 01-15-28 [INFO]: Method length approaching size limit - splitting to next method.
2015-08-02 01-15-28 [INFO]: Method length approaching size limit - splitting to next method.
2015-08-02 01-15-28 [INFO]: Method length approaching size limit - splitting to next method.
2015-08-02 01-15-28 [INFO]: Method length approaching size limit - splitting to next method.
2015-08-02 01-15-28 [INFO]: Method length approaching size limit - splitting to next method.
2015-08-02 01-15-28 [INFO]: Method length approaching size limit - splitting to next method.
2015-08-02 01-15-28 [INFO]: Method length approaching size limit - splitting to next method.
2015-08-02 01-15-28 [INFO]: Method length approaching size limit - splitting to next method.
2015-08-02 01-15-28 [INFO]: Method length approaching size limit - splitting to next method.
2015-08-02 01-15-28 [INFO]: Method length approaching size limit - splitting to next method.
2015-08-02 01-15-28 [INFO]: Method length approaching size limit - splitting to next method.
2015-08-02 01-15-28 [INFO]: Method length approaching size limit - splitting to next method.
2015-08-02 01-15-28 [INFO]: Writing deferred blocks
2015-08-02 01-15-28 [INFO]: Method length approaching size limit - splitting to next method.
2015-08-02 01-15-28 [INFO]: Method length approaching size limit - splitting to next method.
2015-08-02 01-15-28 [INFO]: Writing file footer
2015-08-02 01-15-28 [FINE]: Closing file output stream
2015-08-02 01-15-28 [INFO]: Conversion of C:\Users\Colby\Documents\MCEdit\Schematics\mos eisley\3-2.schematic completed successfully.
2015-08-02 01-15-28 [INFO]: Beginning conversion of C:\Users\Colby\Documents\MCEdit\Schematics\mos eisley\0-4.schematic (output class: 04)
2015-08-02 01-15-28 [FINE]: Output file did not exist:  Creating...
2015-08-02 01-15-28 [FINE]: Opening file output stream
2015-08-02 01-15-28 [INFO]: Writing file header
2015-08-02 01-15-28 [INFO]: Conditional Spawning is FALSE
2015-08-02 01-15-28 [INFO]: Writing Blocks to file
2015-08-02 01-15-28 [INFO]: Method length approaching size limit - splitting to next method.
2015-08-02 01-15-28 [INFO]: Method length approaching size limit - splitting to next method.
2015-08-02 01-15-28 [INFO]: Method length approaching size limit - splitting to next method.
2015-08-02 01-15-28 [INFO]: Method length approaching size limit - splitting to next method.
2015-08-02 01-15-28 [INFO]: Method length approaching size limit - splitting to next method.
2015-08-02 01-15-28 [INFO]: Method length approaching size limit - splitting to next method.
2015-08-02 01-15-28 [INFO]: Method length approaching size limit - splitting to next method.
2015-08-02 01-15-28 [INFO]: Method length approaching size limit - splitting to next method.
2015-08-02 01-15-28 [INFO]: Method length approaching size limit - splitting to next method.
2015-08-02 01-15-28 [INFO]: Method length approaching size limit - splitting to next method.
2015-08-02 01-15-28 [INFO]: Method length approaching size limit - splitting to next method.
2015-08-02 01-15-28 [INFO]: Method length approaching size limit - splitting to next method.
2015-08-02 01-15-28 [INFO]: Method length approaching size limit - splitting to next method.
2015-08-02 01-15-28 [INFO]: Method length approaching size limit - splitting to next method.
2015-08-02 01-15-28 [INFO]: Method length approaching size limit - splitting to next method.
2015-08-02 01-15-28 [INFO]: Method length approaching size limit - splitting to next method.
2015-08-02 01-15-28 [INFO]: Method length approaching size limit - splitting to next method.
2015-08-02 01-15-28 [INFO]: Method length approaching size limit - splitting to next method.
2015-08-02 01-15-28 [INFO]: Method length approaching size limit - splitting to next method.
2015-08-02 01-15-28 [INFO]: Method length approaching size limit - splitting to next method.
2015-08-02 01-15-28 [INFO]: Method length approaching size limit - splitting to next method.
2015-08-02 01-15-28 [INFO]: Method length approaching size limit - splitting to next method.
2015-08-02 01-15-28 [INFO]: Method length approaching size limit - splitting to next method.
2015-08-02 01-15-28 [INFO]: Method length approaching size limit - splitting to next method.
2015-08-02 01-15-28 [INFO]: Method length approaching size limit - splitting to next method.
2015-08-02 01-15-28 [INFO]: Method length approaching size limit - splitting to next method.
2015-08-02 01-15-28 [INFO]: Method length approaching size limit - splitting to next method.
2015-08-02 01-15-28 [INFO]: Method length approaching size limit - splitting to next method.
2015-08-02 01-15-28 [INFO]: Method length approaching size limit - splitting to next method.
2015-08-02 01-15-28 [INFO]: Method length approaching size limit - splitting to next method.
2015-08-02 01-15-28 [INFO]: Method length approaching size limit - splitting to next method.
2015-08-02 01-15-28 [INFO]: Writing deferred blocks
2015-08-02 01-15-28 [INFO]: Writing file footer
2015-08-02 01-15-28 [FINE]: Closing file output stream
2015-08-02 01-15-28 [INFO]: Conversion of C:\Users\Colby\Documents\MCEdit\Schematics\mos eisley\0-4.schematic completed successfully.
2015-08-02 01-15-28 [INFO]: Beginning conversion of C:\Users\Colby\Documents\MCEdit\Schematics\mos eisley\2-2.schematic (output class: 22)
2015-08-02 01-15-28 [FINE]: Output file did not exist:  Creating...
2015-08-02 01-15-28 [FINE]: Opening file output stream
2015-08-02 01-15-28 [INFO]: Writing file header
2015-08-02 01-15-28 [INFO]: Conditional Spawning is FALSE
2015-08-02 01-15-28 [INFO]: Writing Blocks to file
2015-08-02 01-15-28 [INFO]: Method length approaching size limit - splitting to next method.
2015-08-02 01-15-28 [INFO]: Method length approaching size limit - splitting to next method.
2015-08-02 01-15-28 [INFO]: Method length approaching size limit - splitting to next method.
2015-08-02 01-15-28 [INFO]: Method length approaching size limit - splitting to next method.
2015-08-02 01-15-28 [INFO]: Method length approaching size limit - splitting to next method.
2015-08-02 01-15-28 [INFO]: Method length approaching size limit - splitting to next method.
2015-08-02 01-15-28 [INFO]: Method length approaching size limit - splitting to next method.
2015-08-02 01-15-28 [INFO]: Method length approaching size limit - splitting to next method.
2015-08-02 01-15-28 [INFO]: Method length approaching size limit - splitting to next method.
2015-08-02 01-15-28 [INFO]: Method length approaching size limit - splitting to next method.
2015-08-02 01-15-28 [INFO]: Method length approaching size limit - splitting to next method.
2015-08-02 01-15-28 [INFO]: Method length approaching size limit - splitting to next method.
2015-08-02 01-15-28 [INFO]: Method length approaching size limit - splitting to next method.
2015-08-02 01-15-28 [INFO]: Method length approaching size limit - splitting to next method.
2015-08-02 01-15-28 [INFO]: Method length approaching size limit - splitting to next method.
2015-08-02 01-15-28 [INFO]: Method length approaching size limit - splitting to next method.
2015-08-02 01-15-28 [INFO]: Method length approaching size limit - splitting to next method.
2015-08-02 01-15-28 [INFO]: Method length approaching size limit - splitting to next method.
2015-08-02 01-15-28 [INFO]: Method length approaching size limit - splitting to next method.
2015-08-02 01-15-28 [INFO]: Method length approaching size limit - splitting to next method.
2015-08-02 01-15-28 [INFO]: Method length approaching size limit - splitting to next method.
2015-08-02 01-15-28 [INFO]: Method length approaching size limit - splitting to next method.
2015-08-02 01-15-28 [INFO]: Method length approaching size limit - splitting to next method.
2015-08-02 01-15-28 [INFO]: Method length approaching size limit - splitting to next method.
2015-08-02 01-15-28 [INFO]: Method length approaching size limit - splitting to next method.
2015-08-02 01-15-28 [INFO]: Method length approaching size limit - splitting to next method.
2015-08-02 01-15-28 [INFO]: Method length approaching size limit - splitting to next method.
2015-08-02 01-15-28 [INFO]: Method length approaching size limit - splitting to next method.
2015-08-02 01-15-28 [INFO]: Method length approaching size limit - splitting to next method.
2015-08-02 01-15-28 [INFO]: Method length approaching size limit - splitting to next method.
2015-08-02 01-15-28 [INFO]: Writing deferred blocks
2015-08-02 01-15-28 [INFO]: Method length approaching size limit - splitting to next method.
2015-08-02 01-15-28 [INFO]: Method length approaching size limit - splitting to next method.
2015-08-02 01-15-28 [INFO]: Method length approaching size limit - splitting to next method.
2015-08-02 01-15-28 [INFO]: Writing file footer
2015-08-02 01-15-28 [FINE]: Closing file output stream
2015-08-02 01-15-28 [INFO]: Conversion of C:\Users\Colby\Documents\MCEdit\Schematics\mos eisley\2-2.schematic completed successfully.
2015-08-02 01-15-28 [INFO]: Beginning conversion of C:\Users\Colby\Documents\MCEdit\Schematics\mos eisley\1-2.schematic (output class: 12)
2015-08-02 01-15-28 [FINE]: Output file did not exist:  Creating...
2015-08-02 01-15-28 [FINE]: Opening file output stream
2015-08-02 01-15-28 [INFO]: Writing file header
2015-08-02 01-15-28 [INFO]: Conditional Spawning is FALSE
2015-08-02 01-15-28 [INFO]: Writing Blocks to file
2015-08-02 01-15-28 [INFO]: Method length approaching size limit - splitting to next method.
2015-08-02 01-15-28 [INFO]: Method length approaching size limit - splitting to next method.
2015-08-02 01-15-28 [INFO]: Method length approaching size limit - splitting to next method.
2015-08-02 01-15-28 [INFO]: Method length approaching size limit - splitting to next method.
2015-08-02 01-15-28 [INFO]: Method length approaching size limit - splitting to next method.
2015-08-02 01-15-28 [INFO]: Method length approaching size limit - splitting to next method.
2015-08-02 01-15-28 [INFO]: Method length approaching size limit - splitting to next method.
2015-08-02 01-15-28 [INFO]: Method length approaching size limit - splitting to next method.
2015-08-02 01-15-28 [INFO]: Method length approaching size limit - splitting to next method.
2015-08-02 01-15-28 [INFO]: Method length approaching size limit - splitting to next method.
2015-08-02 01-15-28 [INFO]: Method length approaching size limit - splitting to next method.
2015-08-02 01-15-28 [INFO]: Method length approaching size limit - splitting to next method.
2015-08-02 01-15-28 [INFO]: Method length approaching size limit - splitting to next method.
2015-08-02 01-15-28 [INFO]: Method length approaching size limit - splitting to next method.
2015-08-02 01-15-28 [INFO]: Method length approaching size limit - splitting to next method.
2015-08-02 01-15-28 [INFO]: Method length approaching size limit - splitting to next method.
2015-08-02 01-15-28 [INFO]: Method length approaching size limit - splitting to next method.
2015-08-02 01-15-28 [INFO]: Method length approaching size limit - splitting to next method.
2015-08-02 01-15-28 [INFO]: Method length approaching size limit - splitting to next method.
2015-08-02 01-15-28 [INFO]: Method length approaching size limit - splitting to next method.
2015-08-02 01-15-28 [INFO]: Method length approaching size limit - splitting to next method.
2015-08-02 01-15-28 [INFO]: Method length approaching size limit - splitting to next method.
2015-08-02 01-15-28 [INFO]: Method length approaching size limit - splitting to next method.
2015-08-02 01-15-28 [INFO]: Method length approaching size limit - splitting to next method.
2015-08-02 01-15-28 [INFO]: Method length approaching size limit - splitting to next method.
2015-08-02 01-15-28 [INFO]: Method length approaching size limit - splitting to next method.
2015-08-02 01-15-28 [INFO]: Method length approaching size limit - splitting to next method.
2015-08-02 01-15-28 [INFO]: Method length approaching size limit - splitting to next method.
2015-08-02 01-15-28 [INFO]: Method length approaching size limit - splitting to next method.
2015-08-02 01-15-28 [INFO]: Method length approaching size limit - splitting to next method.
2015-08-02 01-15-28 [INFO]: Method length approaching size limit - splitting to next method.
2015-08-02 01-15-28 [INFO]: Writing deferred blocks
2015-08-02 01-15-28 [INFO]: Writing file footer
2015-08-02 01-15-28 [FINE]: Closing file output stream
2015-08-02 01-15-28 [INFO]: Conversion of C:\Users\Colby\Documents\MCEdit\Schematics\mos eisley\1-2.schematic completed successfully.
2015-08-02 01-15-28 [INFO]: Beginning conversion of C:\Users\Colby\Documents\MCEdit\Schematics\mos eisley\3-1.schematic (output class: 31)
2015-08-02 01-15-28 [FINE]: Output file did not exist:  Creating...
2015-08-02 01-15-29 [FINE]: Opening file output stream
2015-08-02 01-15-29 [INFO]: Writing file header
2015-08-02 01-15-29 [INFO]: Conditional Spawning is FALSE
2015-08-02 01-15-29 [INFO]: Writing Blocks to file
2015-08-02 01-15-29 [INFO]: Method length approaching size limit - splitting to next method.
2015-08-02 01-15-29 [INFO]: Method length approaching size limit - splitting to next method.
2015-08-02 01-15-29 [INFO]: Method length approaching size limit - splitting to next method.
2015-08-02 01-15-29 [INFO]: Method length approaching size limit - splitting to next method.
2015-08-02 01-15-29 [INFO]: Method length approaching size limit - splitting to next method.
2015-08-02 01-15-29 [INFO]: Method length approaching size limit - splitting to next method.
2015-08-02 01-15-29 [INFO]: Method length approaching size limit - splitting to next method.
2015-08-02 01-15-29 [INFO]: Method length approaching size limit - splitting to next method.
2015-08-02 01-15-29 [INFO]: Method length approaching size limit - splitting to next method.
2015-08-02 01-15-29 [INFO]: Method length approaching size limit - splitting to next method.
2015-08-02 01-15-29 [INFO]: Method length approaching size limit - splitting to next method.
2015-08-02 01-15-29 [INFO]: Method length approaching size limit - splitting to next method.
2015-08-02 01-15-29 [INFO]: Method length approaching size limit - splitting to next method.
2015-08-02 01-15-29 [INFO]: Method length approaching size limit - splitting to next method.
2015-08-02 01-15-29 [INFO]: Method length approaching size limit - splitting to next method.
2015-08-02 01-15-29 [INFO]: Method length approaching size limit - splitting to next method.
2015-08-02 01-15-29 [INFO]: Method length approaching size limit - splitting to next method.
2015-08-02 01-15-29 [INFO]: Method length approaching size limit - splitting to next method.
2015-08-02 01-15-29 [INFO]: Method length approaching size limit - splitting to next method.
2015-08-02 01-15-29 [INFO]: Method length approaching size limit - splitting to next method.
2015-08-02 01-15-29 [INFO]: Method length approaching size limit - splitting to next method.
2015-08-02 01-15-29 [INFO]: Method length approaching size limit - splitting to next method.
2015-08-02 01-15-29 [INFO]: Method length approaching size limit - splitting to next method.
2015-08-02 01-15-29 [INFO]: Method length approaching size limit - splitting to next method.
2015-08-02 01-15-29 [INFO]: Method length approaching size limit - splitting to next method.
2015-08-02 01-15-29 [INFO]: Method length approaching size limit - splitting to next method.
2015-08-02 01-15-29 [INFO]: Method length approaching size limit - splitting to next method.
2015-08-02 01-15-29 [INFO]: Method length approaching size limit - splitting to next method.
2015-08-02 01-15-29 [INFO]: Method length approaching size limit - splitting to next method.
2015-08-02 01-15-29 [INFO]: Method length approaching size limit - splitting to next method.
2015-08-02 01-15-29 [INFO]: Method length approaching size limit - splitting to next method.
2015-08-02 01-15-29 [INFO]: Method length approaching size limit - splitting to next method.
2015-08-02 01-15-29 [INFO]: Method length approaching size limit - splitting to next method.
2015-08-02 01-15-29 [INFO]: Writing deferred blocks
2015-08-02 01-15-29 [INFO]: Writing file footer
2015-08-02 01-15-29 [FINE]: Closing file output stream
2015-08-02 01-15-29 [INFO]: Conversion of C:\Users\Colby\Documents\MCEdit\Schematics\mos eisley\3-1.schematic completed successfully.
2015-08-02 01-15-29 [INFO]: Beginning conversion of C:\Users\Colby\Documents\MCEdit\Schematics\mos eisley\0-3.schematic (output class: 03)
2015-08-02 01-15-29 [FINE]: Output file did not exist:  Creating...
2015-08-02 01-15-29 [FINE]: Opening file output stream
2015-08-02 01-15-29 [INFO]: Writing file header
2015-08-02 01-15-29 [INFO]: Conditional Spawning is FALSE
2015-08-02 01-15-29 [INFO]: Writing Blocks to file
2015-08-02 01-15-29 [INFO]: Method length approaching size limit - splitting to next method.
2015-08-02 01-15-29 [INFO]: Method length approaching size limit - splitting to next method.
2015-08-02 01-15-29 [INFO]: Method length approaching size limit - splitting to next method.
2015-08-02 01-15-29 [INFO]: Method length approaching size limit - splitting to next method.
2015-08-02 01-15-29 [INFO]: Method length approaching size limit - splitting to next method.
2015-08-02 01-15-29 [INFO]: Method length approaching size limit - splitting to next method.
2015-08-02 01-15-29 [INFO]: Method length approaching size limit - splitting to next method.
2015-08-02 01-15-29 [INFO]: Method length approaching size limit - splitting to next method.
2015-08-02 01-15-29 [INFO]: Method length approaching size limit - splitting to next method.
2015-08-02 01-15-29 [INFO]: Method length approaching size limit - splitting to next method.
2015-08-02 01-15-29 [INFO]: Method length approaching size limit - splitting to next method.
2015-08-02 01-15-29 [INFO]: Method length approaching size limit - splitting to next method.
2015-08-02 01-15-29 [INFO]: Method length approaching size limit - splitting to next method.
2015-08-02 01-15-29 [INFO]: Method length approaching size limit - splitting to next method.
2015-08-02 01-15-29 [INFO]: Method length approaching size limit - splitting to next method.
2015-08-02 01-15-29 [INFO]: Method length approaching size limit - splitting to next method.
2015-08-02 01-15-29 [INFO]: Method length approaching size limit - splitting to next method.
2015-08-02 01-15-29 [INFO]: Method length approaching size limit - splitting to next method.
2015-08-02 01-15-29 [INFO]: Method length approaching size limit - splitting to next method.
2015-08-02 01-15-29 [INFO]: Method length approaching size limit - splitting to next method.
2015-08-02 01-15-29 [INFO]: Method length approaching size limit - splitting to next method.
2015-08-02 01-15-29 [INFO]: Method length approaching size limit - splitting to next method.
2015-08-02 01-15-29 [INFO]: Method length approaching size limit - splitting to next method.
2015-08-02 01-15-29 [INFO]: Method length approaching size limit - splitting to next method.
2015-08-02 01-15-29 [INFO]: Method length approaching size limit - splitting to next method.
2015-08-02 01-15-29 [INFO]: Method length approaching size limit - splitting to next method.
2015-08-02 01-15-29 [INFO]: Method length approaching size limit - splitting to next method.
2015-08-02 01-15-29 [INFO]: Method length approaching size limit - splitting to next method.
2015-08-02 01-15-29 [INFO]: Method length approaching size limit - splitting to next method.
2015-08-02 01-15-29 [INFO]: Method length approaching size limit - splitting to next method.
2015-08-02 01-15-29 [INFO]: Method length approaching size limit - splitting to next method.
2015-08-02 01-15-29 [INFO]: Writing deferred blocks
2015-08-02 01-15-29 [INFO]: Writing file footer
2015-08-02 01-15-29 [FINE]: Closing file output stream
2015-08-02 01-15-29 [INFO]: Conversion of C:\Users\Colby\Documents\MCEdit\Schematics\mos eisley\0-3.schematic completed successfully.
