2015-07-18 08-32-25 [FINE]: Ignore Air Blocks is TRUE - removing air blocks found in the schematic from the export list.
2015-07-18 08-32-25 [INFO]: Added F:\Forge\Mods\StarWarsMod\schematics\WorldGenHothGenerator.schematic to the list of files to convert.
2015-07-18 08-32-54 [INFO]: Beginning conversion of F:\Forge\Mods\StarWarsMod\schematics\WorldGenHothGenerator.schematic (output class: WorldGenHothGenerator)
2015-07-18 08-32-54 [FINE]: Opening file output stream
2015-07-18 08-32-54 [INFO]: Writing file header
2015-07-18 08-32-54 [INFO]: Conditional Spawning is TRUE - writing conditional spawn code.
2015-07-18 08-32-54 [INFO]: Writing Blocks to file
2015-07-18 08-32-54 [INFO]: Method length approaching size limit - splitting to next method.
2015-07-18 08-32-54 [INFO]: Method length approaching size limit - splitting to next method.
2015-07-18 08-32-54 [INFO]: Method length approaching size limit - splitting to next method.
2015-07-18 08-32-54 [INFO]: Method length approaching size limit - splitting to next method.
2015-07-18 08-32-54 [INFO]: Method length approaching size limit - splitting to next method.
2015-07-18 08-32-54 [INFO]: Method length approaching size limit - splitting to next method.
2015-07-18 08-32-54 [INFO]: Method length approaching size limit - splitting to next method.
2015-07-18 08-32-54 [INFO]: Method length approaching size limit - splitting to next method.
2015-07-18 08-32-54 [INFO]: Method length approaching size limit - splitting to next method.
2015-07-18 08-32-54 [INFO]: Method length approaching size limit - splitting to next method.
2015-07-18 08-32-54 [INFO]: Method length approaching size limit - splitting to next method.
2015-07-18 08-32-54 [INFO]: Method length approaching size limit - splitting to next method.
2015-07-18 08-32-54 [INFO]: Method length approaching size limit - splitting to next method.
2015-07-18 08-32-54 [INFO]: Method length approaching size limit - splitting to next method.
2015-07-18 08-32-54 [INFO]: Writing deferred blocks
2015-07-18 08-32-54 [INFO]: Writing file footer
2015-07-18 08-32-54 [FINE]: Closing file output stream
2015-07-18 08-32-54 [INFO]: Conversion of F:\Forge\Mods\StarWarsMod\schematics\WorldGenHothGenerator.schematic completed successfully.
