2015-07-19 05-24-41 [FINE]: Ignore Air Blocks is TRUE - removing air blocks found in the schematic from the export list.
2015-07-19 05-24-41 [INFO]: Added F:\Forge\Mods\StarWarsMod\schematics\WorldGenSuperTatooineHomestead.schematic to the list of files to convert.
2015-07-19 05-25-09 [INFO]: Beginning conversion of F:\Forge\Mods\StarWarsMod\schematics\WorldGenSuperTatooineHomestead.schematic (output class: WorldGenSuperTatooineHomestead)
2015-07-19 05-25-09 [FINE]: Output file did not exist:  Creating...
2015-07-19 05-25-09 [FINE]: Opening file output stream
2015-07-19 05-25-09 [INFO]: Writing file header
2015-07-19 05-25-09 [INFO]: Conditional Spawning is TRUE - writing conditional spawn code.
2015-07-19 05-25-09 [INFO]: Writing Blocks to file
2015-07-19 05-25-09 [INFO]: Method length approaching size limit - splitting to next method.
2015-07-19 05-25-09 [INFO]: Method length approaching size limit - splitting to next method.
2015-07-19 05-25-09 [INFO]: Method length approaching size limit - splitting to next method.
2015-07-19 05-25-09 [INFO]: Method length approaching size limit - splitting to next method.
2015-07-19 05-25-09 [INFO]: Method length approaching size limit - splitting to next method.
2015-07-19 05-25-09 [INFO]: Method length approaching size limit - splitting to next method.
2015-07-19 05-25-09 [INFO]: Method length approaching size limit - splitting to next method.
2015-07-19 05-25-09 [INFO]: Method length approaching size limit - splitting to next method.
2015-07-19 05-25-09 [INFO]: Method length approaching size limit - splitting to next method.
2015-07-19 05-25-09 [INFO]: Method length approaching size limit - splitting to next method.
2015-07-19 05-25-09 [INFO]: Method length approaching size limit - splitting to next method.
2015-07-19 05-25-09 [INFO]: Method length approaching size limit - splitting to next method.
2015-07-19 05-25-09 [INFO]: Method length approaching size limit - splitting to next method.
2015-07-19 05-25-09 [INFO]: Method length approaching size limit - splitting to next method.
2015-07-19 05-25-09 [INFO]: Method length approaching size limit - splitting to next method.
2015-07-19 05-25-09 [INFO]: Method length approaching size limit - splitting to next method.
2015-07-19 05-25-09 [INFO]: Method length approaching size limit - splitting to next method.
2015-07-19 05-25-09 [INFO]: Method length approaching size limit - splitting to next method.
2015-07-19 05-25-09 [INFO]: Method length approaching size limit - splitting to next method.
2015-07-19 05-25-09 [INFO]: Writing deferred blocks
2015-07-19 05-25-09 [INFO]: Writing file footer
2015-07-19 05-25-09 [FINE]: Closing file output stream
2015-07-19 05-25-09 [INFO]: Conversion of F:\Forge\Mods\StarWarsMod\schematics\WorldGenSuperTatooineHomestead.schematic completed successfully.
