2015-06-27 03-10-56 [FINE]: Ignore Air Blocks is TRUE - removing air blocks found in the schematic from the export list.
2015-06-27 03-10-56 [INFO]: Added F:\Forge\Mods\StarWarsMod\schematics\tatooine_homestead.schematic to the list of files to convert.
2015-06-27 03-11-02 [INFO]: Beginning conversion of F:\Forge\Mods\StarWarsMod\schematics\tatooine_homestead.schematic (output class: tatooine_homestead)
2015-06-27 03-11-02 [FINE]: Opening file output stream
2015-06-27 03-11-02 [INFO]: Writing file header
2015-06-27 03-11-02 [INFO]: Conditional Spawning is TRUE - writing conditional spawn code.
2015-06-27 03-11-02 [INFO]: Writing Blocks to file
2015-06-27 03-11-02 [INFO]: Found unknown block: Passed ID: -128
2015-06-27 03-11-02 [INFO]: Found unknown block: Passed ID: -128
2015-06-27 03-11-02 [INFO]: Found unknown block: Passed ID: -128
2015-06-27 03-11-02 [INFO]: Found unknown block: Passed ID: -128
2015-06-27 03-11-02 [INFO]: Found unknown block: Passed ID: -128
2015-06-27 03-11-02 [INFO]: Found unknown block: Passed ID: -90
2015-06-27 03-11-02 [INFO]: Found unknown block: Passed ID: -128
2015-06-27 03-11-02 [INFO]: Found unknown block: Passed ID: -128
2015-06-27 03-11-02 [INFO]: Found unknown block: Passed ID: -128
2015-06-27 03-11-02 [INFO]: Found unknown block: Passed ID: -128
2015-06-27 03-11-02 [INFO]: Found unknown block: Passed ID: -128
2015-06-27 03-11-02 [INFO]: Found unknown block: Passed ID: -128
2015-06-27 03-11-02 [INFO]: Found unknown block: Passed ID: -128
2015-06-27 03-11-02 [INFO]: Found unknown block: Passed ID: -90
2015-06-27 03-11-02 [INFO]: Found unknown block: Passed ID: -128
2015-06-27 03-11-02 [INFO]: Found unknown block: Passed ID: -128
2015-06-27 03-11-02 [INFO]: Found unknown block: Passed ID: -90
2015-06-27 03-11-02 [INFO]: Found unknown block: Passed ID: -85
2015-06-27 03-11-02 [INFO]: Found unknown block: Passed ID: -90
2015-06-27 03-11-02 [INFO]: Found unknown block: Passed ID: -128
2015-06-27 03-11-02 [INFO]: Found unknown block: Passed ID: -128
2015-06-27 03-11-02 [INFO]: Found unknown block: Passed ID: -128
2015-06-27 03-11-02 [INFO]: Found unknown block: Passed ID: -128
2015-06-27 03-11-02 [INFO]: Found unknown block: Passed ID: -128
2015-06-27 03-11-02 [INFO]: Found unknown block: Passed ID: -128
2015-06-27 03-11-02 [INFO]: Found unknown block: Passed ID: -85
2015-06-27 03-11-02 [INFO]: Found unknown block: Passed ID: -85
2015-06-27 03-11-02 [INFO]: Found unknown block: Passed ID: -85
2015-06-27 03-11-02 [INFO]: Found unknown block: Passed ID: -90
2015-06-27 03-11-02 [INFO]: Found unknown block: Passed ID: -128
2015-06-27 03-11-02 [INFO]: Found unknown block: Passed ID: -128
2015-06-27 03-11-02 [INFO]: Found unknown block: Passed ID: -128
2015-06-27 03-11-02 [INFO]: Found unknown block: Passed ID: -128
2015-06-27 03-11-02 [INFO]: Found unknown block: Passed ID: -128
2015-06-27 03-11-02 [INFO]: Found unknown block: Passed ID: -128
2015-06-27 03-11-02 [INFO]: Found unknown block: Passed ID: -90
2015-06-27 03-11-02 [INFO]: Method length approaching size limit - splitting to next method.
2015-06-27 03-11-02 [INFO]: Found unknown block: Passed ID: -85
2015-06-27 03-11-02 [INFO]: Found unknown block: Passed ID: -90
2015-06-27 03-11-02 [INFO]: Found unknown block: Passed ID: -90
2015-06-27 03-11-02 [INFO]: Found unknown block: Passed ID: -90
2015-06-27 03-11-02 [INFO]: Writing deferred blocks
2015-06-27 03-11-02 [INFO]: Writing file footer
2015-06-27 03-11-02 [FINE]: Closing file output stream
2015-06-27 03-11-02 [INFO]: Conversion of F:\Forge\Mods\StarWarsMod\schematics\tatooine_homestead.schematic completed successfully.
