2015-09-26 04-40-29 [FINE]: Ignore Air Blocks is TRUE - removing air blocks found in the schematic from the export list.
2015-09-26 04-40-29 [INFO]: Added C:\Users\Colby\Documents\MCEdit\Schematics\00.schematic to the list of files to convert.
2015-09-26 04-40-29 [FINE]: Ignore Air Blocks is TRUE - removing air blocks found in the schematic from the export list.
2015-09-26 04-40-29 [INFO]: Added C:\Users\Colby\Documents\MCEdit\Schematics\01.schematic to the list of files to convert.
2015-09-26 04-40-29 [FINE]: Ignore Air Blocks is TRUE - removing air blocks found in the schematic from the export list.
2015-09-26 04-40-29 [INFO]: Added C:\Users\Colby\Documents\MCEdit\Schematics\10.schematic to the list of files to convert.
2015-09-26 04-40-29 [FINE]: Ignore Air Blocks is TRUE - removing air blocks found in the schematic from the export list.
2015-09-26 04-40-29 [INFO]: Added C:\Users\Colby\Documents\MCEdit\Schematics\11.schematic to the list of files to convert.
2015-09-26 04-40-29 [FINE]: Ignore Air Blocks is TRUE - removing air blocks found in the schematic from the export list.
2015-09-26 04-40-29 [INFO]: Added C:\Users\Colby\Documents\MCEdit\Schematics\12.schematic to the list of files to convert.
2015-09-26 04-40-29 [FINE]: Ignore Air Blocks is TRUE - removing air blocks found in the schematic from the export list.
2015-09-26 04-40-29 [INFO]: Added C:\Users\Colby\Documents\MCEdit\Schematics\13.schematic to the list of files to convert.
2015-09-26 04-40-29 [FINE]: Ignore Air Blocks is TRUE - removing air blocks found in the schematic from the export list.
2015-09-26 04-40-29 [INFO]: Added C:\Users\Colby\Documents\MCEdit\Schematics\20.schematic to the list of files to convert.
2015-09-26 04-40-29 [FINE]: Ignore Air Blocks is TRUE - removing air blocks found in the schematic from the export list.
2015-09-26 04-40-29 [INFO]: Added C:\Users\Colby\Documents\MCEdit\Schematics\21.schematic to the list of files to convert.
2015-09-26 04-40-29 [FINE]: Ignore Air Blocks is TRUE - removing air blocks found in the schematic from the export list.
2015-09-26 04-40-29 [INFO]: Added C:\Users\Colby\Documents\MCEdit\Schematics\22.schematic to the list of files to convert.
2015-09-26 04-40-29 [FINE]: Ignore Air Blocks is TRUE - removing air blocks found in the schematic from the export list.
2015-09-26 04-40-29 [INFO]: Added C:\Users\Colby\Documents\MCEdit\Schematics\23.schematic to the list of files to convert.
2015-09-26 04-40-29 [FINE]: Ignore Air Blocks is TRUE - removing air blocks found in the schematic from the export list.
2015-09-26 04-40-29 [INFO]: Added C:\Users\Colby\Documents\MCEdit\Schematics\30.schematic to the list of files to convert.
2015-09-26 04-40-29 [FINE]: Ignore Air Blocks is TRUE - removing air blocks found in the schematic from the export list.
2015-09-26 04-40-29 [INFO]: Added C:\Users\Colby\Documents\MCEdit\Schematics\31.schematic to the list of files to convert.
2015-09-26 04-40-29 [FINE]: Ignore Air Blocks is TRUE - removing air blocks found in the schematic from the export list.
2015-09-26 04-40-29 [INFO]: Added C:\Users\Colby\Documents\MCEdit\Schematics\32.schematic to the list of files to convert.
2015-09-26 04-40-29 [FINE]: Ignore Air Blocks is TRUE - removing air blocks found in the schematic from the export list.
2015-09-26 04-40-29 [INFO]: Added C:\Users\Colby\Documents\MCEdit\Schematics\33.schematic to the list of files to convert.
2015-09-26 04-40-29 [FINE]: Ignore Air Blocks is TRUE - removing air blocks found in the schematic from the export list.
2015-09-26 04-40-29 [INFO]: Added C:\Users\Colby\Documents\MCEdit\Schematics\40.schematic to the list of files to convert.
2015-09-26 04-40-29 [FINE]: Ignore Air Blocks is TRUE - removing air blocks found in the schematic from the export list.
2015-09-26 04-40-29 [INFO]: Added C:\Users\Colby\Documents\MCEdit\Schematics\41.schematic to the list of files to convert.
2015-09-26 04-40-29 [FINE]: Ignore Air Blocks is TRUE - removing air blocks found in the schematic from the export list.
2015-09-26 04-40-29 [INFO]: Added C:\Users\Colby\Documents\MCEdit\Schematics\42.schematic to the list of files to convert.
2015-09-26 04-40-29 [FINE]: Ignore Air Blocks is TRUE - removing air blocks found in the schematic from the export list.
2015-09-26 04-40-29 [INFO]: Added C:\Users\Colby\Documents\MCEdit\Schematics\43.schematic to the list of files to convert.
2015-09-26 04-40-29 [FINE]: Ignore Air Blocks is TRUE - removing air blocks found in the schematic from the export list.
2015-09-26 04-40-29 [INFO]: Added C:\Users\Colby\Documents\MCEdit\Schematics\51.schematic to the list of files to convert.
2015-09-26 04-40-29 [FINE]: Ignore Air Blocks is TRUE - removing air blocks found in the schematic from the export list.
2015-09-26 04-40-29 [INFO]: Added C:\Users\Colby\Documents\MCEdit\Schematics\52.schematic to the list of files to convert.
2015-09-26 04-40-32 [INFO]: Beginning conversion of C:\Users\Colby\Documents\MCEdit\Schematics\51.schematic (output class: 51)
2015-09-26 04-40-32 [FINE]: Output file did not exist:  Creating...
2015-09-26 04-40-32 [FINE]: Opening file output stream
2015-09-26 04-40-32 [INFO]: Writing file header
2015-09-26 04-40-32 [INFO]: Conditional Spawning is TRUE - writing conditional spawn code.
2015-09-26 04-40-32 [INFO]: Writing Blocks to file
2015-09-26 04-40-32 [INFO]: Writing deferred blocks
2015-09-26 04-40-32 [INFO]: Method length approaching size limit - splitting to next method.
2015-09-26 04-40-32 [INFO]: Writing file footer
2015-09-26 04-40-32 [FINE]: Closing file output stream
2015-09-26 04-40-32 [INFO]: Conversion of C:\Users\Colby\Documents\MCEdit\Schematics\51.schematic completed successfully.
2015-09-26 04-40-32 [INFO]: Beginning conversion of C:\Users\Colby\Documents\MCEdit\Schematics\00.schematic (output class: 00)
2015-09-26 04-40-32 [FINE]: Output file did not exist:  Creating...
2015-09-26 04-40-32 [FINE]: Opening file output stream
2015-09-26 04-40-32 [INFO]: Writing file header
2015-09-26 04-40-32 [INFO]: Conditional Spawning is TRUE - writing conditional spawn code.
2015-09-26 04-40-32 [INFO]: Writing Blocks to file
2015-09-26 04-40-32 [INFO]: Writing deferred blocks
2015-09-26 04-40-32 [INFO]: Method length approaching size limit - splitting to next method.
2015-09-26 04-40-32 [INFO]: Method length approaching size limit - splitting to next method.
2015-09-26 04-40-32 [INFO]: Method length approaching size limit - splitting to next method.
2015-09-26 04-40-32 [INFO]: Method length approaching size limit - splitting to next method.
2015-09-26 04-40-33 [INFO]: Method length approaching size limit - splitting to next method.
2015-09-26 04-40-33 [INFO]: Method length approaching size limit - splitting to next method.
2015-09-26 04-40-33 [INFO]: Method length approaching size limit - splitting to next method.
2015-09-26 04-40-33 [INFO]: Method length approaching size limit - splitting to next method.
2015-09-26 04-40-33 [INFO]: Method length approaching size limit - splitting to next method.
2015-09-26 04-40-33 [INFO]: Writing file footer
2015-09-26 04-40-33 [FINE]: Closing file output stream
2015-09-26 04-40-33 [INFO]: Conversion of C:\Users\Colby\Documents\MCEdit\Schematics\00.schematic completed successfully.
2015-09-26 04-40-33 [INFO]: Beginning conversion of C:\Users\Colby\Documents\MCEdit\Schematics\01.schematic (output class: 01)
2015-09-26 04-40-33 [FINE]: Output file did not exist:  Creating...
2015-09-26 04-40-33 [FINE]: Opening file output stream
2015-09-26 04-40-33 [INFO]: Writing file header
2015-09-26 04-40-33 [INFO]: Conditional Spawning is TRUE - writing conditional spawn code.
2015-09-26 04-40-33 [INFO]: Writing Blocks to file
2015-09-26 04-40-33 [INFO]: Writing deferred blocks
2015-09-26 04-40-33 [INFO]: Writing file footer
2015-09-26 04-40-33 [FINE]: Closing file output stream
2015-09-26 04-40-33 [INFO]: Conversion of C:\Users\Colby\Documents\MCEdit\Schematics\01.schematic completed successfully.
2015-09-26 04-40-33 [INFO]: Beginning conversion of C:\Users\Colby\Documents\MCEdit\Schematics\32.schematic (output class: 32)
2015-09-26 04-40-33 [FINE]: Output file did not exist:  Creating...
2015-09-26 04-40-33 [FINE]: Opening file output stream
2015-09-26 04-40-33 [INFO]: Writing file header
2015-09-26 04-40-33 [INFO]: Conditional Spawning is TRUE - writing conditional spawn code.
2015-09-26 04-40-33 [INFO]: Writing Blocks to file
2015-09-26 04-40-33 [INFO]: Writing deferred blocks
2015-09-26 04-40-33 [INFO]: Writing file footer
2015-09-26 04-40-33 [FINE]: Closing file output stream
2015-09-26 04-40-33 [INFO]: Conversion of C:\Users\Colby\Documents\MCEdit\Schematics\32.schematic completed successfully.
2015-09-26 04-40-33 [INFO]: Beginning conversion of C:\Users\Colby\Documents\MCEdit\Schematics\52.schematic (output class: 52)
2015-09-26 04-40-33 [FINE]: Output file did not exist:  Creating...
2015-09-26 04-40-33 [FINE]: Opening file output stream
2015-09-26 04-40-33 [INFO]: Writing file header
2015-09-26 04-40-33 [INFO]: Conditional Spawning is TRUE - writing conditional spawn code.
2015-09-26 04-40-33 [INFO]: Writing Blocks to file
2015-09-26 04-40-33 [INFO]: Writing deferred blocks
2015-09-26 04-40-33 [INFO]: Method length approaching size limit - splitting to next method.
2015-09-26 04-40-33 [INFO]: Method length approaching size limit - splitting to next method.
2015-09-26 04-40-33 [INFO]: Method length approaching size limit - splitting to next method.
2015-09-26 04-40-33 [INFO]: Method length approaching size limit - splitting to next method.
2015-09-26 04-40-33 [INFO]: Method length approaching size limit - splitting to next method.
2015-09-26 04-40-33 [INFO]: Method length approaching size limit - splitting to next method.
2015-09-26 04-40-33 [INFO]: Method length approaching size limit - splitting to next method.
2015-09-26 04-40-33 [INFO]: Method length approaching size limit - splitting to next method.
2015-09-26 04-40-33 [INFO]: Method length approaching size limit - splitting to next method.
2015-09-26 04-40-33 [INFO]: Writing file footer
2015-09-26 04-40-33 [FINE]: Closing file output stream
2015-09-26 04-40-33 [INFO]: Conversion of C:\Users\Colby\Documents\MCEdit\Schematics\52.schematic completed successfully.
2015-09-26 04-40-33 [INFO]: Beginning conversion of C:\Users\Colby\Documents\MCEdit\Schematics\33.schematic (output class: 33)
2015-09-26 04-40-33 [FINE]: Output file did not exist:  Creating...
2015-09-26 04-40-33 [FINE]: Opening file output stream
2015-09-26 04-40-33 [INFO]: Writing file header
2015-09-26 04-40-33 [INFO]: Conditional Spawning is TRUE - writing conditional spawn code.
2015-09-26 04-40-33 [INFO]: Writing Blocks to file
2015-09-26 04-40-33 [INFO]: Writing deferred blocks
2015-09-26 04-40-33 [INFO]: Writing file footer
2015-09-26 04-40-33 [FINE]: Closing file output stream
2015-09-26 04-40-33 [INFO]: Conversion of C:\Users\Colby\Documents\MCEdit\Schematics\33.schematic completed successfully.
2015-09-26 04-40-33 [INFO]: Beginning conversion of C:\Users\Colby\Documents\MCEdit\Schematics\13.schematic (output class: 13)
2015-09-26 04-40-33 [FINE]: Output file did not exist:  Creating...
2015-09-26 04-40-33 [FINE]: Opening file output stream
2015-09-26 04-40-33 [INFO]: Writing file header
2015-09-26 04-40-33 [INFO]: Conditional Spawning is TRUE - writing conditional spawn code.
2015-09-26 04-40-33 [INFO]: Writing Blocks to file
2015-09-26 04-40-33 [INFO]: Writing deferred blocks
2015-09-26 04-40-33 [INFO]: Method length approaching size limit - splitting to next method.
2015-09-26 04-40-33 [INFO]: Writing file footer
2015-09-26 04-40-33 [FINE]: Closing file output stream
2015-09-26 04-40-33 [INFO]: Conversion of C:\Users\Colby\Documents\MCEdit\Schematics\13.schematic completed successfully.
2015-09-26 04-40-33 [INFO]: Beginning conversion of C:\Users\Colby\Documents\MCEdit\Schematics\20.schematic (output class: 20)
2015-09-26 04-40-33 [FINE]: Output file did not exist:  Creating...
2015-09-26 04-40-33 [FINE]: Opening file output stream
2015-09-26 04-40-33 [INFO]: Writing file header
2015-09-26 04-40-33 [INFO]: Conditional Spawning is TRUE - writing conditional spawn code.
2015-09-26 04-40-33 [INFO]: Writing Blocks to file
2015-09-26 04-40-33 [INFO]: Writing deferred blocks
2015-09-26 04-40-33 [INFO]: Method length approaching size limit - splitting to next method.
2015-09-26 04-40-33 [INFO]: Method length approaching size limit - splitting to next method.
2015-09-26 04-40-33 [INFO]: Method length approaching size limit - splitting to next method.
2015-09-26 04-40-33 [INFO]: Method length approaching size limit - splitting to next method.
2015-09-26 04-40-33 [INFO]: Method length approaching size limit - splitting to next method.
2015-09-26 04-40-33 [INFO]: Method length approaching size limit - splitting to next method.
2015-09-26 04-40-33 [INFO]: Method length approaching size limit - splitting to next method.
2015-09-26 04-40-33 [INFO]: Method length approaching size limit - splitting to next method.
2015-09-26 04-40-33 [INFO]: Writing file footer
2015-09-26 04-40-33 [FINE]: Closing file output stream
2015-09-26 04-40-33 [INFO]: Conversion of C:\Users\Colby\Documents\MCEdit\Schematics\20.schematic completed successfully.
2015-09-26 04-40-33 [INFO]: Beginning conversion of C:\Users\Colby\Documents\MCEdit\Schematics\12.schematic (output class: 12)
2015-09-26 04-40-33 [FINE]: Output file did not exist:  Creating...
2015-09-26 04-40-33 [FINE]: Opening file output stream
2015-09-26 04-40-33 [INFO]: Writing file header
2015-09-26 04-40-33 [INFO]: Conditional Spawning is TRUE - writing conditional spawn code.
2015-09-26 04-40-33 [INFO]: Writing Blocks to file
2015-09-26 04-40-33 [INFO]: Writing deferred blocks
2015-09-26 04-40-33 [INFO]: Writing file footer
2015-09-26 04-40-33 [FINE]: Closing file output stream
2015-09-26 04-40-33 [INFO]: Conversion of C:\Users\Colby\Documents\MCEdit\Schematics\12.schematic completed successfully.
2015-09-26 04-40-33 [INFO]: Beginning conversion of C:\Users\Colby\Documents\MCEdit\Schematics\11.schematic (output class: 11)
2015-09-26 04-40-33 [FINE]: Output file did not exist:  Creating...
2015-09-26 04-40-33 [FINE]: Opening file output stream
2015-09-26 04-40-33 [INFO]: Writing file header
2015-09-26 04-40-33 [INFO]: Conditional Spawning is TRUE - writing conditional spawn code.
2015-09-26 04-40-33 [INFO]: Writing Blocks to file
2015-09-26 04-40-33 [INFO]: Writing deferred blocks
2015-09-26 04-40-33 [INFO]: Writing file footer
2015-09-26 04-40-33 [FINE]: Closing file output stream
2015-09-26 04-40-33 [INFO]: Conversion of C:\Users\Colby\Documents\MCEdit\Schematics\11.schematic completed successfully.
2015-09-26 04-40-33 [INFO]: Beginning conversion of C:\Users\Colby\Documents\MCEdit\Schematics\31.schematic (output class: 31)
2015-09-26 04-40-33 [FINE]: Output file did not exist:  Creating...
2015-09-26 04-40-33 [FINE]: Opening file output stream
2015-09-26 04-40-33 [INFO]: Writing file header
2015-09-26 04-40-33 [INFO]: Conditional Spawning is TRUE - writing conditional spawn code.
2015-09-26 04-40-33 [INFO]: Writing Blocks to file
2015-09-26 04-40-33 [INFO]: Writing deferred blocks
2015-09-26 04-40-33 [INFO]: Writing file footer
2015-09-26 04-40-33 [FINE]: Closing file output stream
2015-09-26 04-40-33 [INFO]: Conversion of C:\Users\Colby\Documents\MCEdit\Schematics\31.schematic completed successfully.
2015-09-26 04-40-33 [INFO]: Beginning conversion of C:\Users\Colby\Documents\MCEdit\Schematics\23.schematic (output class: 23)
2015-09-26 04-40-33 [FINE]: Output file did not exist:  Creating...
2015-09-26 04-40-33 [FINE]: Opening file output stream
2015-09-26 04-40-33 [INFO]: Writing file header
2015-09-26 04-40-33 [INFO]: Conditional Spawning is TRUE - writing conditional spawn code.
2015-09-26 04-40-33 [INFO]: Writing Blocks to file
2015-09-26 04-40-33 [INFO]: Writing deferred blocks
2015-09-26 04-40-33 [INFO]: Writing file footer
2015-09-26 04-40-33 [FINE]: Closing file output stream
2015-09-26 04-40-33 [INFO]: Conversion of C:\Users\Colby\Documents\MCEdit\Schematics\23.schematic completed successfully.
2015-09-26 04-40-33 [INFO]: Beginning conversion of C:\Users\Colby\Documents\MCEdit\Schematics\42.schematic (output class: 42)
2015-09-26 04-40-33 [FINE]: Output file did not exist:  Creating...
2015-09-26 04-40-33 [FINE]: Opening file output stream
2015-09-26 04-40-33 [INFO]: Writing file header
2015-09-26 04-40-33 [INFO]: Conditional Spawning is TRUE - writing conditional spawn code.
2015-09-26 04-40-33 [INFO]: Writing Blocks to file
2015-09-26 04-40-33 [INFO]: Writing deferred blocks
2015-09-26 04-40-33 [INFO]: Method length approaching size limit - splitting to next method.
2015-09-26 04-40-33 [INFO]: Method length approaching size limit - splitting to next method.
2015-09-26 04-40-33 [INFO]: Method length approaching size limit - splitting to next method.
2015-09-26 04-40-33 [INFO]: Method length approaching size limit - splitting to next method.
2015-09-26 04-40-33 [INFO]: Method length approaching size limit - splitting to next method.
2015-09-26 04-40-33 [INFO]: Method length approaching size limit - splitting to next method.
2015-09-26 04-40-33 [INFO]: Writing file footer
2015-09-26 04-40-33 [FINE]: Closing file output stream
2015-09-26 04-40-33 [INFO]: Conversion of C:\Users\Colby\Documents\MCEdit\Schematics\42.schematic completed successfully.
2015-09-26 04-40-33 [INFO]: Beginning conversion of C:\Users\Colby\Documents\MCEdit\Schematics\43.schematic (output class: 43)
2015-09-26 04-40-33 [FINE]: Output file did not exist:  Creating...
2015-09-26 04-40-33 [FINE]: Opening file output stream
2015-09-26 04-40-33 [INFO]: Writing file header
2015-09-26 04-40-33 [INFO]: Conditional Spawning is TRUE - writing conditional spawn code.
2015-09-26 04-40-33 [INFO]: Writing Blocks to file
2015-09-26 04-40-33 [INFO]: Writing deferred blocks
2015-09-26 04-40-33 [INFO]: Method length approaching size limit - splitting to next method.
2015-09-26 04-40-33 [INFO]: Method length approaching size limit - splitting to next method.
2015-09-26 04-40-33 [INFO]: Method length approaching size limit - splitting to next method.
2015-09-26 04-40-33 [INFO]: Method length approaching size limit - splitting to next method.
2015-09-26 04-40-33 [INFO]: Method length approaching size limit - splitting to next method.
2015-09-26 04-40-33 [INFO]: Method length approaching size limit - splitting to next method.
2015-09-26 04-40-33 [INFO]: Method length approaching size limit - splitting to next method.
2015-09-26 04-40-33 [INFO]: Method length approaching size limit - splitting to next method.
2015-09-26 04-40-33 [INFO]: Method length approaching size limit - splitting to next method.
2015-09-26 04-40-33 [INFO]: Method length approaching size limit - splitting to next method.
2015-09-26 04-40-33 [INFO]: Writing file footer
2015-09-26 04-40-33 [FINE]: Closing file output stream
2015-09-26 04-40-33 [INFO]: Conversion of C:\Users\Colby\Documents\MCEdit\Schematics\43.schematic completed successfully.
2015-09-26 04-40-33 [INFO]: Beginning conversion of C:\Users\Colby\Documents\MCEdit\Schematics\10.schematic (output class: 10)
2015-09-26 04-40-33 [FINE]: Output file did not exist:  Creating...
2015-09-26 04-40-33 [FINE]: Opening file output stream
2015-09-26 04-40-33 [INFO]: Writing file header
2015-09-26 04-40-33 [INFO]: Conditional Spawning is TRUE - writing conditional spawn code.
2015-09-26 04-40-33 [INFO]: Writing Blocks to file
2015-09-26 04-40-33 [INFO]: Writing deferred blocks
2015-09-26 04-40-33 [INFO]: Method length approaching size limit - splitting to next method.
2015-09-26 04-40-33 [INFO]: Writing file footer
2015-09-26 04-40-33 [FINE]: Closing file output stream
2015-09-26 04-40-33 [INFO]: Conversion of C:\Users\Colby\Documents\MCEdit\Schematics\10.schematic completed successfully.
2015-09-26 04-40-33 [INFO]: Beginning conversion of C:\Users\Colby\Documents\MCEdit\Schematics\40.schematic (output class: 40)
2015-09-26 04-40-33 [FINE]: Output file did not exist:  Creating...
2015-09-26 04-40-33 [FINE]: Opening file output stream
2015-09-26 04-40-33 [INFO]: Writing file header
2015-09-26 04-40-33 [INFO]: Conditional Spawning is TRUE - writing conditional spawn code.
2015-09-26 04-40-33 [INFO]: Writing Blocks to file
2015-09-26 04-40-33 [INFO]: Writing deferred blocks
2015-09-26 04-40-33 [INFO]: Method length approaching size limit - splitting to next method.
2015-09-26 04-40-33 [INFO]: Method length approaching size limit - splitting to next method.
2015-09-26 04-40-33 [INFO]: Method length approaching size limit - splitting to next method.
2015-09-26 04-40-33 [INFO]: Method length approaching size limit - splitting to next method.
2015-09-26 04-40-33 [INFO]: Method length approaching size limit - splitting to next method.
2015-09-26 04-40-33 [INFO]: Method length approaching size limit - splitting to next method.
2015-09-26 04-40-33 [INFO]: Method length approaching size limit - splitting to next method.
2015-09-26 04-40-33 [INFO]: Method length approaching size limit - splitting to next method.
2015-09-26 04-40-33 [INFO]: Writing file footer
2015-09-26 04-40-33 [FINE]: Closing file output stream
2015-09-26 04-40-33 [INFO]: Conversion of C:\Users\Colby\Documents\MCEdit\Schematics\40.schematic completed successfully.
2015-09-26 04-40-33 [INFO]: Beginning conversion of C:\Users\Colby\Documents\MCEdit\Schematics\30.schematic (output class: 30)
2015-09-26 04-40-33 [FINE]: Output file did not exist:  Creating...
2015-09-26 04-40-33 [FINE]: Opening file output stream
2015-09-26 04-40-33 [INFO]: Writing file header
2015-09-26 04-40-33 [INFO]: Conditional Spawning is TRUE - writing conditional spawn code.
2015-09-26 04-40-33 [INFO]: Writing Blocks to file
2015-09-26 04-40-33 [INFO]: Writing deferred blocks
2015-09-26 04-40-33 [INFO]: Method length approaching size limit - splitting to next method.
2015-09-26 04-40-33 [INFO]: Writing file footer
2015-09-26 04-40-33 [FINE]: Closing file output stream
2015-09-26 04-40-33 [INFO]: Conversion of C:\Users\Colby\Documents\MCEdit\Schematics\30.schematic completed successfully.
2015-09-26 04-40-33 [INFO]: Beginning conversion of C:\Users\Colby\Documents\MCEdit\Schematics\21.schematic (output class: 21)
2015-09-26 04-40-33 [FINE]: Output file did not exist:  Creating...
2015-09-26 04-40-33 [FINE]: Opening file output stream
2015-09-26 04-40-33 [INFO]: Writing file header
2015-09-26 04-40-33 [INFO]: Conditional Spawning is TRUE - writing conditional spawn code.
2015-09-26 04-40-33 [INFO]: Writing Blocks to file
2015-09-26 04-40-33 [INFO]: Writing deferred blocks
2015-09-26 04-40-33 [INFO]: Method length approaching size limit - splitting to next method.
2015-09-26 04-40-33 [INFO]: Method length approaching size limit - splitting to next method.
2015-09-26 04-40-33 [INFO]: Method length approaching size limit - splitting to next method.
2015-09-26 04-40-33 [INFO]: Method length approaching size limit - splitting to next method.
2015-09-26 04-40-33 [INFO]: Writing file footer
2015-09-26 04-40-33 [FINE]: Closing file output stream
2015-09-26 04-40-33 [INFO]: Conversion of C:\Users\Colby\Documents\MCEdit\Schematics\21.schematic completed successfully.
2015-09-26 04-40-33 [INFO]: Beginning conversion of C:\Users\Colby\Documents\MCEdit\Schematics\22.schematic (output class: 22)
2015-09-26 04-40-33 [FINE]: Output file did not exist:  Creating...
2015-09-26 04-40-33 [FINE]: Opening file output stream
2015-09-26 04-40-33 [INFO]: Writing file header
2015-09-26 04-40-33 [INFO]: Conditional Spawning is TRUE - writing conditional spawn code.
2015-09-26 04-40-33 [INFO]: Writing Blocks to file
2015-09-26 04-40-33 [INFO]: Writing deferred blocks
2015-09-26 04-40-33 [INFO]: Writing file footer
2015-09-26 04-40-33 [FINE]: Closing file output stream
2015-09-26 04-40-33 [INFO]: Conversion of C:\Users\Colby\Documents\MCEdit\Schematics\22.schematic completed successfully.
2015-09-26 04-40-33 [INFO]: Beginning conversion of C:\Users\Colby\Documents\MCEdit\Schematics\41.schematic (output class: 41)
2015-09-26 04-40-33 [FINE]: Output file did not exist:  Creating...
2015-09-26 04-40-33 [FINE]: Opening file output stream
2015-09-26 04-40-33 [INFO]: Writing file header
2015-09-26 04-40-33 [INFO]: Conditional Spawning is TRUE - writing conditional spawn code.
2015-09-26 04-40-33 [INFO]: Writing Blocks to file
2015-09-26 04-40-33 [INFO]: Writing deferred blocks
2015-09-26 04-40-33 [INFO]: Method length approaching size limit - splitting to next method.
2015-09-26 04-40-33 [INFO]: Method length approaching size limit - splitting to next method.
2015-09-26 04-40-33 [INFO]: Method length approaching size limit - splitting to next method.
2015-09-26 04-40-33 [INFO]: Method length approaching size limit - splitting to next method.
2015-09-26 04-40-33 [INFO]: Method length approaching size limit - splitting to next method.
2015-09-26 04-40-33 [INFO]: Writing file footer
2015-09-26 04-40-33 [FINE]: Closing file output stream
2015-09-26 04-40-33 [INFO]: Conversion of C:\Users\Colby\Documents\MCEdit\Schematics\41.schematic completed successfully.
